#
# There is insufficient memory for the Java Runtime Environment to continue.
# Native memory allocation (mmap) failed to map 132120576 bytes for G1 virtual space
# Possible reasons:
#   The system is out of physical RAM or swap space
#   The process is running with CompressedOops enabled, and the Java Heap may be blocking the growth of the native heap
# Possible solutions:
#   Reduce memory load on the system
#   Increase physical memory or swap space
#   Check if swap backing store is full
#   Decrease Java heap size (-Xmx/-Xms)
#   Decrease number of Java threads
#   Decrease Java thread stack sizes (-Xss)
#   Set larger code cache with -XX:ReservedCodeCacheSize=
#   JVM is running with Unscaled Compressed Oops mode in which the Java heap is
#     placed in the first 4GB address space. The Java Heap base address is the
#     maximum limit for the native heap growth. Please use -XX:HeapBaseMinAddress
#     to set the Java Heap base and to place the Java Heap above 4GB virtual address.
# This output file may be truncated or incomplete.
#
#  Out of Memory Error (os_windows.cpp:3550), pid=19544, tid=14700
#
# JRE version:  (17.0.7+8) (build )
# Java VM: Java HotSpot(TM) 64-Bit Server VM (17.0.7+8-LTS-224, mixed mode, sharing, tiered, compressed oops, compressed class ptrs, g1 gc, windows-amd64)
# No core dump will be written. Minidumps are not enabled by default on client versions of Windows
#

---------------  S U M M A R Y ------------

Command Line: -ea -Didea.test.cyclic.buffer.size=1048576 -javaagent:C:\Program Files\JetBrains\IntelliJ IDEA Community Edition 2023.1.1\lib\idea_rt.jar=57259:C:\Program Files\JetBrains\IntelliJ IDEA Community Edition 2023.1.1\bin -Dfile.encoding=UTF-8 com.intellij.rt.testng.RemoteTestNGStarter -usedefaultlisteners false -socket57258 @w@C:\Users\Acer\AppData\Local\Temp\idea_working_dirs_testng1.tmp -temp C:\Users\Acer\AppData\Local\Temp\idea_testng1.tmp

Host: Intel(R) Core(TM) i3-6100U CPU @ 2.30GHz, 4 cores, 7G,  Windows 10 , 64 bit Build 19041 (10.0.19041.5915)
Time: Sat Aug 30 13:20:40 2025  Windows 10 , 64 bit Build 19041 (10.0.19041.5915) elapsed time: 0.047928 seconds (0d 0h 0m 0s)

---------------  T H R E A D  ---------------

Current thread (0x00000262578a90d0):  JavaThread "Unknown thread" [_thread_in_vm, id=14700, stack(0x000000c2d4d00000,0x000000c2d4e00000)]

Stack: [0x000000c2d4d00000,0x000000c2d4e00000]
Native frames: (J=compiled Java code, j=interpreted, Vv=VM code, C=native code)
V  [jvm.dll+0x676a4a]
V  [jvm.dll+0x7d74f4]
V  [jvm.dll+0x7d8c9e]
V  [jvm.dll+0x7d9303]
V  [jvm.dll+0x2452c5]
V  [jvm.dll+0x6738f9]
V  [jvm.dll+0x668232]
V  [jvm.dll+0x302826]
V  [jvm.dll+0x309da6]
V  [jvm.dll+0x35952e]
V  [jvm.dll+0x35975f]
V  [jvm.dll+0x2d9a38]
V  [jvm.dll+0x2da9a4]
V  [jvm.dll+0x7a8fb1]
V  [jvm.dll+0x3670e1]
V  [jvm.dll+0x788359]
V  [jvm.dll+0x3ea5ef]
V  [jvm.dll+0x3ec071]
C  [jli.dll+0x5297]
C  [ucrtbase.dll+0x21bb2]
C  [KERNEL32.DLL+0x17374]
C  [ntdll.dll+0x4cc91]


---------------  P R O C E S S  ---------------

Threads class SMR info:
_java_thread_list=0x00007fffde004998, length=0, elements={
}

Java Threads: ( => current thread )

Other Threads:
  0x00000262578fd690 GCTaskThread "GC Thread#0" [stack: 0x000000c2d4e00000,0x000000c2d4f00000] [id=32408]
  0x000002625790e050 ConcurrentGCThread "G1 Main Marker" [stack: 0x000000c2d4f00000,0x000000c2d5000000] [id=13884]
  0x000002625790ea60 ConcurrentGCThread "G1 Conc#0" [stack: 0x000000c2d5000000,0x000000c2d5100000] [id=17236]

[error occurred during error reporting (printing all threads), id 0xc0000005, EXCEPTION_ACCESS_VIOLATION (0xc0000005) at pc=0x00007fffdd83a697]

VM state: not at safepoint (not fully initialized)

VM Mutex/Monitor currently owned by a thread:  ([mutex/lock_event])
[0x00000262578a3e20] Heap_lock - owner thread: 0x00000262578a90d0

Heap address: 0x0000000082c00000, size: 2004 MB, Compressed Oops mode: 32-bit

CDS archive(s) mapped at: [0x0000000000000000-0x0000000000000000-0x0000000000000000), size 0, SharedBaseAddress: 0x0000000800000000, ArchiveRelocationMode: 0.
Narrow klass base: 0x0000000000000000, Narrow klass shift: 0, Narrow klass range: 0x0

GC Precious Log:
<Empty>

Heap:
 garbage-first heap   total 0K, used 0K [0x0000000082c00000, 0x0000000100000000)
  region size 1024K, 0 young (0K), 0 survivors (0K)

[error occurred during error reporting (printing heap information), id 0xc0000005, EXCEPTION_ACCESS_VIOLATION (0xc0000005) at pc=0x00007fffddc200b9]

GC Heap History (0 events):
No events

Deoptimization events (0 events):
No events

Classes unloaded (0 events):
No events

Classes redefined (0 events):
No events

Internal exceptions (0 events):
No events

VM Operations (0 events):
No events

Events (1 events):
Event: 0.033 Loaded shared library C:\Program Files\Java\jdk-17\bin\java.dll


Dynamic libraries:
0x00007ff7336b0000 - 0x00007ff7336c0000 	C:\Program Files\Java\jdk-17\bin\java.exe
0x00007ff8245b0000 - 0x00007ff8247a8000 	C:\WINDOWS\SYSTEM32\ntdll.dll
0x00007ff8232d0000 - 0x00007ff823392000 	C:\WINDOWS\System32\KERNEL32.DLL
0x00007ff8222a0000 - 0x00007ff822596000 	C:\WINDOWS\System32\KERNELBASE.dll
0x00007ff821c40000 - 0x00007ff821d40000 	C:\WINDOWS\System32\ucrtbase.dll
0x00007ff815920000 - 0x00007ff815939000 	C:\Program Files\Java\jdk-17\bin\jli.dll
0x00007ff80f470000 - 0x00007ff80f48b000 	C:\Program Files\Java\jdk-17\bin\VCRUNTIME140.dll
0x00007ff823be0000 - 0x00007ff823c91000 	C:\WINDOWS\System32\ADVAPI32.dll
0x00007ff823b40000 - 0x00007ff823bde000 	C:\WINDOWS\System32\msvcrt.dll
0x00007ff824180000 - 0x00007ff82421f000 	C:\WINDOWS\System32\sechost.dll
0x00007ff823e50000 - 0x00007ff823f73000 	C:\WINDOWS\System32\RPCRT4.dll
0x00007ff8225a0000 - 0x00007ff8225c7000 	C:\WINDOWS\System32\bcrypt.dll
0x00007ff823f80000 - 0x00007ff82411d000 	C:\WINDOWS\System32\USER32.dll
0x00007ff822120000 - 0x00007ff822142000 	C:\WINDOWS\System32\win32u.dll
0x00007ff8227b0000 - 0x00007ff8227db000 	C:\WINDOWS\System32\GDI32.dll
0x00007ff821f30000 - 0x00007ff822049000 	C:\WINDOWS\System32\gdi32full.dll
0x00007ff822200000 - 0x00007ff82229d000 	C:\WINDOWS\System32\msvcp_win.dll
0x00007ff80a600000 - 0x00007ff80a89a000 	C:\WINDOWS\WinSxS\amd64_microsoft.windows.common-controls_6595b64144ccf1df_6.0.19041.5915_none_60b4b9d171f9c7c7\COMCTL32.dll
0x00007ff81c740000 - 0x00007ff81c74a000 	C:\WINDOWS\SYSTEM32\VERSION.dll
0x00007ff8243d0000 - 0x00007ff8243ff000 	C:\WINDOWS\System32\IMM32.DLL
0x00007ff81bc00000 - 0x00007ff81bc0c000 	C:\Program Files\Java\jdk-17\bin\vcruntime140_1.dll
0x00007ffffc350000 - 0x00007ffffc3de000 	C:\Program Files\Java\jdk-17\bin\msvcp140.dll
0x00007fffdd550000 - 0x00007fffde12d000 	C:\Program Files\Java\jdk-17\bin\server\jvm.dll
0x00007ff823dc0000 - 0x00007ff823dc8000 	C:\WINDOWS\System32\PSAPI.DLL
0x00007ff81ec50000 - 0x00007ff81ec59000 	C:\WINDOWS\SYSTEM32\WSOCK32.dll
0x00007ff824410000 - 0x00007ff82447b000 	C:\WINDOWS\System32\WS2_32.dll
0x00007ff81ba20000 - 0x00007ff81ba47000 	C:\WINDOWS\SYSTEM32\WINMM.dll
0x00007ff81fa60000 - 0x00007ff81fa72000 	C:\WINDOWS\SYSTEM32\kernel.appcore.dll
0x00007ff81b230000 - 0x00007ff81b23a000 	C:\Program Files\Java\jdk-17\bin\jimage.dll
0x00007ff81a210000 - 0x00007ff81a411000 	C:\WINDOWS\SYSTEM32\DBGHELP.DLL
0x00007ff81a180000 - 0x00007ff81a1b4000 	C:\WINDOWS\SYSTEM32\dbgcore.DLL
0x00007ff821ea0000 - 0x00007ff821f22000 	C:\WINDOWS\System32\bcryptPrimitives.dll
0x00007ff8154d0000 - 0x00007ff8154de000 	C:\Program Files\Java\jdk-17\bin\instrument.dll
0x00007ff802f70000 - 0x00007ff802f95000 	C:\Program Files\Java\jdk-17\bin\java.dll

dbghelp: loaded successfully - version: 4.0.5 - missing functions: none
symbol engine: initialized successfully - sym options: 0x614 - pdb path: .;C:\Program Files\Java\jdk-17\bin;C:\WINDOWS\SYSTEM32;C:\WINDOWS\WinSxS\amd64_microsoft.windows.common-controls_6595b64144ccf1df_6.0.19041.5915_none_60b4b9d171f9c7c7;C:\Program Files\Java\jdk-17\bin\server

VM Arguments:
jvm_args: -ea -Didea.test.cyclic.buffer.size=1048576 -javaagent:C:\Program Files\JetBrains\IntelliJ IDEA Community Edition 2023.1.1\lib\idea_rt.jar=57259:C:\Program Files\JetBrains\IntelliJ IDEA Community Edition 2023.1.1\bin -Dfile.encoding=UTF-8 
java_command: com.intellij.rt.testng.RemoteTestNGStarter -usedefaultlisteners false -socket57258 @w@C:\Users\Acer\AppData\Local\Temp\idea_working_dirs_testng1.tmp -temp C:\Users\Acer\AppData\Local\Temp\idea_testng1.tmp
java_class_path (initial): C:\Program Files\JetBrains\IntelliJ IDEA Community Edition 2023.1.1\lib\idea_rt.jar;C:\Program Files\JetBrains\IntelliJ IDEA Community Edition 2023.1.1\plugins\testng\lib\testng-rt.jar;C:\Users\Acer\Documents\GitHub1\Selenium_TestNg\target\test-classes;C:\Users\Acer\Documents\GitHub1\Selenium_TestNg\target\classes;C:\Users\Acer\.m2\repository\io\github\bonigarcia\webdrivermanager\5.9.2\webdrivermanager-5.9.2.jar;C:\Users\Acer\.m2\repository\org\slf4j\slf4j-api\2.0.13\slf4j-api-2.0.13.jar;C:\Users\Acer\.m2\repository\com\google\code\gson\gson\2.11.0\gson-2.11.0.jar;C:\Users\Acer\.m2\repository\com\google\errorprone\error_prone_annotations\2.27.0\error_prone_annotations-2.27.0.jar;C:\Users\Acer\.m2\repository\com\github\docker-java\docker-java\3.4.0\docker-java-3.4.0.jar;C:\Users\Acer\.m2\repository\com\github\docker-java\docker-java-core\3.4.0\docker-java-core-3.4.0.jar;C:\Users\Acer\.m2\repository\com\github\docker-java\docker-java-api\3.4.0\docker-java-api-3.4.0.jar;C:\Users\Acer\.m2\repository\com\fasterxml\jackson\core\jackson-annotations\2.10.3\jackson-annotations-2.10.3.jar;C:\Users\Acer\.m2\repository\com\fasterxml\jackson\core\jackson-databind\2.10.3\jackson-databind-2.10.3.jar;C:\Users\Acer\.m2\repository\com\fasterxml\jackson\core\jackson-core\2.10.3\jackson-core-2.10.3.jar;C:\Users\Acer\.m2\repository\org\slf4j\jcl-over-slf4j\1.7.30\jcl-over-slf4j-1.7.30.jar;C:\Users\Acer\.m2\repository\com\github\docker-java\docker-java-transport-httpclient5\3.4.0\docker-java-transport-httpclient5-3.4.0.jar;C:\Users\Acer\.m2\repository\com\github\docker-java\docker-java-transport\3.4.0\docker-java-transport-3.4.0.jar;C:\Users\Acer\.m2\repository\net\java\dev\jna\jna\5.13.0\jna-5.13.0.jar;C:\Users\Acer\.m2\repository\org\brotli\dec\0.1.2\dec-0.1.2.jar;C:\Users\Acer\.m2\repository\org\apache\commons\commons-lang3\3.15.0\commons-lang3-3.15.0.jar;C:\Users\Acer\.m2\repository\org\apache\commons\commons-compress\1.26.2\commons-compress-1.26.2.jar;C:
Launcher Type: SUN_STANDARD

[Global flags]
     intx CICompilerCount                          = 3                                         {product} {ergonomic}
     uint ConcGCThreads                            = 1                                         {product} {ergonomic}
     uint G1ConcRefinementThreads                  = 4                                         {product} {ergonomic}
   size_t G1HeapRegionSize                         = 1048576                                   {product} {ergonomic}
    uintx GCDrainStackTargetSize                   = 64                                        {product} {ergonomic}
   size_t InitialHeapSize                          = 132120576                                 {product} {ergonomic}
   size_t MarkStackSize                            = 4194304                                   {product} {ergonomic}
   size_t MaxHeapSize                              = 2101346304                                {product} {ergonomic}
   size_t MinHeapDeltaBytes                        = 1048576                                   {product} {ergonomic}
   size_t MinHeapSize                              = 8388608                                   {product} {ergonomic}
    uintx NonNMethodCodeHeapSize                   = 5832780                                {pd product} {ergonomic}
    uintx NonProfiledCodeHeapSize                  = 122912730                              {pd product} {ergonomic}
    uintx ProfiledCodeHeapSize                     = 122912730                              {pd product} {ergonomic}
    uintx ReservedCodeCacheSize                    = 251658240                              {pd product} {ergonomic}
     bool SegmentedCodeCache                       = true                                      {product} {ergonomic}
   size_t SoftMaxHeapSize                          = 2101346304                             {manageable} {ergonomic}
     bool UseCompressedClassPointers               = true                           {product lp64_product} {ergonomic}
     bool UseCompressedOops                        = true                           {product lp64_product} {ergonomic}
     bool UseG1GC                                  = true                                      {product} {ergonomic}
     bool UseLargePagesIndividualAllocation        = false                                  {pd product} {ergonomic}

Logging:
Log output configuration:
 #0: stdout all=warning uptime,level,tags
 #1: stderr all=off uptime,level,tags

Environment Variables:
JAVA_HOME=C:\Program Files\Java\jdk-17
PATH=C:\Program Files\Common Files\Oracle\Java\javapath;C:\Program Files (x86)\Intel\iCLS Client\;C:\Program Files\Intel\iCLS Client\;C:\WINDOWS\system32;C:\WINDOWS;C:\WINDOWS\System32\Wbem;C:\WINDOWS\System32\WindowsPowerShell\v1.0\;C:\WINDOWS\System32\OpenSSH\;C:\Program Files (x86)\Intel\Intel(R) Management Engine Components\DAL;C:\Program Files\Intel\Intel(R) Management Engine Components\DAL;C:\Program Files (x86)\Intel\Intel(R) Management Engine Components\IPT;C:\Program Files\Intel\Intel(R) Management Engine Components\IPT;C:\Program Files\Java\jdk-17\bin;C:\gradle-7.5.1\bin;C:\Program Files\apache-maven-3.9.3\bin;C:\Program Files\Git\cmd;C:\Program Files\nodejs\;C:\Program Files\Docker\Docker\resources\bin;C:\Users\Acer\scoop\shims;C:\Users\Acer\AppData\Local\Programs\Python\Python39\Scripts\;C:\Users\Acer\AppData\Local\Programs\Python\Python39\;C:\Users\Acer\AppData\Local\Microsoft\WindowsApps;C:\Users\Acer\AppData\Local\Programs\Microsoft VS Code\bin;C:\Users\Acer\AppData\Local\GitHubDesktop\bin;C:\Users\Acer\AppData\Roaming\npm
USERNAME=Acer
OS=Windows_NT
PROCESSOR_IDENTIFIER=Intel64 Family 6 Model 78 Stepping 3, GenuineIntel



---------------  S Y S T E M  ---------------

OS:
 Windows 10 , 64 bit Build 19041 (10.0.19041.5915)
OS uptime: 51 days 18:45 hours
Hyper-V role detected

CPU: total 4 (initial active 4) (2 cores per cpu, 2 threads per core) family 6 model 78 stepping 3 microcode 0xcc, cx8, cmov, fxsr, ht, mmx, 3dnowpref, sse, sse2, sse3, ssse3, sse4.1, sse4.2, popcnt, lzcnt, tsc, tscinvbit, avx, avx2, aes, erms, clmul, bmi1, bmi2, rtm, adx, fma, vzeroupper, clflush, clflushopt, hv

Memory: 4k page, system-wide physical 8011M (512M free)
TotalPageFile size 32587M (AvailPageFile size 28M)
current process WorkingSet (physical memory assigned to process): 10M, peak: 10M
current process commit charge ("private bytes"): 51M, peak: 177M

vm_info: Java HotSpot(TM) 64-Bit Server VM (17.0.7+8-LTS-224) for windows-amd64 JRE (17.0.7+8-LTS-224), built on Feb 28 2023 23:03:02 by "mach5one" with MS VC++ 17.1 (VS2022)

END.
