#
# There is insufficient memory for the Java Runtime Environment to continue.
# Native memory allocation (mmap) failed to map 65536 bytes for Failed to commit metaspace.
# Possible reasons:
#   The system is out of physical RAM or swap space
#   The process is running with CompressedOops enabled, and the Java Heap may be blocking the growth of the native heap
# Possible solutions:
#   Reduce memory load on the system
#   Increase physical memory or swap space
#   Check if swap backing store is full
#   Decrease Java heap size (-Xmx/-Xms)
#   Decrease number of Java threads
#   Decrease Java thread stack sizes (-Xss)
#   Set larger code cache with -XX:ReservedCodeCacheSize=
#   JVM is running with Unscaled Compressed Oops mode in which the Java heap is
#     placed in the first 4GB address space. The Java Heap base address is the
#     maximum limit for the native heap growth. Please use -XX:HeapBaseMinAddress
#     to set the Java Heap base and to place the Java Heap above 4GB virtual address.
# This output file may be truncated or incomplete.
#
#  Out of Memory Error (virtualSpaceNode.cpp:110), pid=34352, tid=10480
#
# JRE version: Java(TM) SE Runtime Environment (17.0.7+8) (build 17.0.7+8-LTS-224)
# Java VM: Java HotSpot(TM) 64-Bit Server VM (17.0.7+8-LTS-224, mixed mode, sharing, tiered, compressed oops, compressed class ptrs, g1 gc, windows-amd64)
# No core dump will be written. Minidumps are not enabled by default on client versions of Windows
#

---------------  S U M M A R Y ------------

Command Line: -ea -Didea.test.cyclic.buffer.size=1048576 -javaagent:C:\Program Files\JetBrains\IntelliJ IDEA Community Edition 2023.1.1\lib\idea_rt.jar=57212:C:\Program Files\JetBrains\IntelliJ IDEA Community Edition 2023.1.1\bin -Dfile.encoding=UTF-8 com.intellij.rt.testng.RemoteTestNGStarter -usedefaultlisteners false -socket57211 @w@C:\Users\Acer\AppData\Local\Temp\idea_working_dirs_testng1.tmp -temp C:\Users\Acer\AppData\Local\Temp\idea_testng1.tmp

Host: Intel(R) Core(TM) i3-6100U CPU @ 2.30GHz, 4 cores, 7G,  Windows 10 , 64 bit Build 19041 (10.0.19041.5915)
Time: Sat Aug 30 13:19:45 2025  Windows 10 , 64 bit Build 19041 (10.0.19041.5915) elapsed time: 4.156606 seconds (0d 0h 0m 4s)

---------------  T H R E A D  ---------------

Current thread (0x0000029141118800):  JavaThread "main" [_thread_in_vm, id=10480, stack(0x000000c47bd00000,0x000000c47be00000)]

Stack: [0x000000c47bd00000,0x000000c47be00000]
Native frames: (J=compiled Java code, j=interpreted, Vv=VM code, C=native code)
V  [jvm.dll+0x676a4a]
V  [jvm.dll+0x7d74f4]
V  [jvm.dll+0x7d8c9e]
V  [jvm.dll+0x7d9303]
V  [jvm.dll+0x2452c5]
V  [jvm.dll+0x7d35fb]
V  [jvm.dll+0x61ca36]
V  [jvm.dll+0x61ca9a]
V  [jvm.dll+0x61f2bd]
V  [jvm.dll+0x61d3f6]
V  [jvm.dll+0x23ae21]
V  [jvm.dll+0x1ea127]
V  [jvm.dll+0x1dfdc1]
V  [jvm.dll+0x53cf0c]
V  [jvm.dll+0x1f06da]
V  [jvm.dll+0x75156d]
V  [jvm.dll+0x752953]
V  [jvm.dll+0x752c88]
V  [jvm.dll+0x23d78b]
V  [jvm.dll+0x23d9df]
V  [jvm.dll+0x55b008]
V  [jvm.dll+0x55ded7]
V  [jvm.dll+0x380e01]
V  [jvm.dll+0x38045f]
C  0x000002914feda602

Java frames: (J=compiled Java code, j=interpreted, Vv=VM code)
j  sun.security.ssl.HKDF.<init>(Ljava/lang/String;)V+40 java.base@17.0.7
j  sun.security.ssl.KAKeyDerivation.t13DeriveKey(Ljava/lang/String;Ljava/security/spec/AlgorithmParameterSpec;)Ljavax/crypto/SecretKey;+64 java.base@17.0.7
j  sun.security.ssl.KAKeyDerivation.deriveKey(Ljava/lang/String;Ljava/security/spec/AlgorithmParameterSpec;)Ljavax/crypto/SecretKey;+23 java.base@17.0.7
j  sun.security.ssl.ServerHello$T13ServerHelloConsumer.consume(Lsun/security/ssl/ConnectionContext;Lsun/security/ssl/SSLHandshake$HandshakeMessage;)V+274 java.base@17.0.7
j  sun.security.ssl.ServerHello$ServerHelloConsumer.onServerHello(Lsun/security/ssl/ClientHandshakeContext;Lsun/security/ssl/ServerHello$ServerHelloMessage;)V+291 java.base@17.0.7
j  sun.security.ssl.ServerHello$ServerHelloConsumer.consume(Lsun/security/ssl/ConnectionContext;Ljava/nio/ByteBuffer;)V+136 java.base@17.0.7
j  sun.security.ssl.SSLHandshake.consume(Lsun/security/ssl/ConnectionContext;Ljava/nio/ByteBuffer;)V+13 java.base@17.0.7
j  sun.security.ssl.HandshakeContext.dispatch(BLjava/nio/ByteBuffer;)V+73 java.base@17.0.7
j  sun.security.ssl.HandshakeContext.dispatch(BLsun/security/ssl/Plaintext;)V+191 java.base@17.0.7
j  sun.security.ssl.TransportContext.dispatch(Lsun/security/ssl/Plaintext;)V+257 java.base@17.0.7
j  sun.security.ssl.SSLTransport.decode(Lsun/security/ssl/TransportContext;[Ljava/nio/ByteBuffer;II[Ljava/nio/ByteBuffer;II)Lsun/security/ssl/Plaintext;+281 java.base@17.0.7
j  sun.security.ssl.SSLSocketImpl.decode(Ljava/nio/ByteBuffer;)Lsun/security/ssl/Plaintext;+14 java.base@17.0.7
j  sun.security.ssl.SSLSocketImpl.readHandshakeRecord()I+12 java.base@17.0.7
j  sun.security.ssl.SSLSocketImpl.startHandshake(Z)V+122 java.base@17.0.7
j  sun.security.ssl.SSLSocketImpl.startHandshake()V+2 java.base@17.0.7
j  org.apache.hc.client5.http.ssl.SSLConnectionSocketFactory.executeHandshake(Ljavax/net/ssl/SSLSocket;Ljava/lang/String;Ljava/lang/Object;)V+155
j  org.apache.hc.client5.http.ssl.SSLConnectionSocketFactory.createLayeredSocket(Ljava/net/Socket;Ljava/lang/String;ILjava/lang/Object;Lorg/apache/hc/core5/http/protocol/HttpContext;)Ljava/net/Socket;+22
j  org.apache.hc.client5.http.ssl.SSLConnectionSocketFactory.connectSocket(Ljava/net/Socket;Lorg/apache/hc/core5/http/HttpHost;Ljava/net/InetSocketAddress;Ljava/net/InetSocketAddress;Lorg/apache/hc/core5/util/Timeout;Ljava/lang/Object;Lorg/apache/hc/core5/http/protocol/HttpContext;)Ljava/net/Socket;+186
j  org.apache.hc.client5.http.impl.io.DefaultHttpClientConnectionOperator.connect(Lorg/apache/hc/client5/http/io/ManagedHttpClientConnection;Lorg/apache/hc/core5/http/HttpHost;Ljava/net/InetSocketAddress;Lorg/apache/hc/core5/util/Timeout;Lorg/apache/hc/core5/http/io/SocketConfig;Ljava/lang/Object;Lorg/apache/hc/core5/http/protocol/HttpContext;)V+442
j  org.apache.hc.client5.http.impl.io.PoolingHttpClientConnectionManager.connect(Lorg/apache/hc/client5/http/io/ConnectionEndpoint;Lorg/apache/hc/core5/util/TimeValue;Lorg/apache/hc/core5/http/protocol/HttpContext;)V+207
j  org.apache.hc.client5.http.impl.classic.InternalExecRuntime.connectEndpoint(Lorg/apache/hc/client5/http/io/ConnectionEndpoint;Lorg/apache/hc/client5/http/protocol/HttpClientContext;)V+65
j  org.apache.hc.client5.http.impl.classic.InternalExecRuntime.connectEndpoint(Lorg/apache/hc/client5/http/protocol/HttpClientContext;)V+15
j  org.apache.hc.client5.http.impl.classic.ConnectExec.execute(Lorg/apache/hc/core5/http/ClassicHttpRequest;Lorg/apache/hc/client5/http/classic/ExecChain$Scope;Lorg/apache/hc/client5/http/classic/ExecChain;)Lorg/apache/hc/core5/http/ClassicHttpResponse;+212
j  org.apache.hc.client5.http.impl.classic.ExecChainElement.execute(Lorg/apache/hc/core5/http/ClassicHttpRequest;Lorg/apache/hc/client5/http/classic/ExecChain$Scope;)Lorg/apache/hc/core5/http/ClassicHttpResponse;+31
j  org.apache.hc.client5.http.impl.classic.ExecChainElement$$Lambda$224+0x0000000800d370c8.proceed(Lorg/apache/hc/core5/http/ClassicHttpRequest;Lorg/apache/hc/client5/http/classic/ExecChain$Scope;)Lorg/apache/hc/core5/http/ClassicHttpResponse;+6
j  org.apache.hc.client5.http.impl.classic.ProtocolExec.execute(Lorg/apache/hc/core5/http/ClassicHttpRequest;Lorg/apache/hc/client5/http/classic/ExecChain$Scope;Lorg/apache/hc/client5/http/classic/ExecChain;)Lorg/apache/hc/core5/http/ClassicHttpResponse;+516
j  org.apache.hc.client5.http.impl.classic.ExecChainElement.execute(Lorg/apache/hc/core5/http/ClassicHttpRequest;Lorg/apache/hc/client5/http/classic/ExecChain$Scope;)Lorg/apache/hc/core5/http/ClassicHttpResponse;+31
j  org.apache.hc.client5.http.impl.classic.ExecChainElement$$Lambda$224+0x0000000800d370c8.proceed(Lorg/apache/hc/core5/http/ClassicHttpRequest;Lorg/apache/hc/client5/http/classic/ExecChain$Scope;)Lorg/apache/hc/core5/http/ClassicHttpResponse;+6
j  org.apache.hc.client5.http.impl.classic.HttpRequestRetryExec.execute(Lorg/apache/hc/core5/http/ClassicHttpRequest;Lorg/apache/hc/client5/http/classic/ExecChain$Scope;Lorg/apache/hc/client5/http/classic/ExecChain;)Lorg/apache/hc/core5/http/ClassicHttpResponse;+42
j  org.apache.hc.client5.http.impl.classic.ExecChainElement.execute(Lorg/apache/hc/core5/http/ClassicHttpRequest;Lorg/apache/hc/client5/http/classic/ExecChain$Scope;)Lorg/apache/hc/core5/http/ClassicHttpResponse;+31
j  org.apache.hc.client5.http.impl.classic.ExecChainElement$$Lambda$224+0x0000000800d370c8.proceed(Lorg/apache/hc/core5/http/ClassicHttpRequest;Lorg/apache/hc/client5/http/classic/ExecChain$Scope;)Lorg/apache/hc/core5/http/ClassicHttpResponse;+6
j  org.apache.hc.client5.http.impl.classic.ContentCompressionExec.execute(Lorg/apache/hc/core5/http/ClassicHttpRequest;Lorg/apache/hc/client5/http/classic/ExecChain$Scope;Lorg/apache/hc/client5/http/classic/ExecChain;)Lorg/apache/hc/core5/http/ClassicHttpResponse;+59
j  org.apache.hc.client5.http.impl.classic.ExecChainElement.execute(Lorg/apache/hc/core5/http/ClassicHttpRequest;Lorg/apache/hc/client5/http/classic/ExecChain$Scope;)Lorg/apache/hc/core5/http/ClassicHttpResponse;+31
j  org.apache.hc.client5.http.impl.classic.ExecChainElement$$Lambda$224+0x0000000800d370c8.proceed(Lorg/apache/hc/core5/http/ClassicHttpRequest;Lorg/apache/hc/client5/http/classic/ExecChain$Scope;)Lorg/apache/hc/core5/http/ClassicHttpResponse;+6
j  org.apache.hc.client5.http.impl.classic.RedirectExec.execute(Lorg/apache/hc/core5/http/ClassicHttpRequest;Lorg/apache/hc/client5/http/classic/ExecChain$Scope;Lorg/apache/hc/client5/http/classic/ExecChain;)Lorg/apache/hc/core5/http/ClassicHttpResponse;+104
j  org.apache.hc.client5.http.impl.classic.ExecChainElement.execute(Lorg/apache/hc/core5/http/ClassicHttpRequest;Lorg/apache/hc/client5/http/classic/ExecChain$Scope;)Lorg/apache/hc/core5/http/ClassicHttpResponse;+31
j  org.apache.hc.client5.http.impl.classic.InternalHttpClient.doExecute(Lorg/apache/hc/core5/http/HttpHost;Lorg/apache/hc/core5/http/ClassicHttpRequest;Lorg/apache/hc/core5/http/protocol/HttpContext;)Lorg/apache/hc/client5/http/impl/classic/CloseableHttpResponse;+187
j  org.apache.hc.client5.http.impl.classic.CloseableHttpClient.execute(Lorg/apache/hc/core5/http/HttpHost;Lorg/apache/hc/core5/http/ClassicHttpRequest;Lorg/apache/hc/core5/http/protocol/HttpContext;)Lorg/apache/hc/client5/http/impl/classic/CloseableHttpResponse;+4
j  org.apache.hc.client5.http.impl.classic.CloseableHttpClient.execute(Lorg/apache/hc/core5/http/HttpHost;Lorg/apache/hc/core5/http/ClassicHttpRequest;Lorg/apache/hc/core5/http/protocol/HttpContext;)Lorg/apache/hc/core5/http/HttpResponse;+4
j  org.apache.hc.client5.http.classic.HttpClient.executeOpen(Lorg/apache/hc/core5/http/HttpHost;Lorg/apache/hc/core5/http/ClassicHttpRequest;Lorg/apache/hc/core5/http/protocol/HttpContext;)Lorg/apache/hc/core5/http/ClassicHttpResponse;+4
j  io.github.bonigarcia.wdm.online.HttpClient.execute(Lorg/apache/hc/core5/http/ClassicHttpRequest;)Lorg/apache/hc/core5/http/ClassicHttpResponse;+9
j  io.github.bonigarcia.wdm.versions.VersionDetector.getOnlineInputStream(Ljava/lang/String;)Ljava/io/InputStream;+55
j  io.github.bonigarcia.wdm.versions.VersionDetector.getVersionsInputStream(Ljava/lang/String;Z)Ljava/io/InputStream;+34
j  io.github.bonigarcia.wdm.versions.VersionDetector.getProperties(Ljava/lang/String;Z)Ljava/util/Properties;+45
j  io.github.bonigarcia.wdm.versions.VersionDetector.getBrowserVersionFromTheShell(Ljava/lang/String;)Ljava/util/Optional;+53
j  io.github.bonigarcia.wdm.WebDriverManager.getBrowserVersionFromTheShell()Ljava/util/Optional;+11
j  io.github.bonigarcia.wdm.WebDriverManager.detectBrowserVersion()Ljava/util/Optional;+62
j  io.github.bonigarcia.wdm.WebDriverManager.resolveDriverVersion(Ljava/lang/String;)Ljava/lang/String;+42
j  io.github.bonigarcia.wdm.WebDriverManager.manage(Ljava/lang/String;)V+15
j  io.github.bonigarcia.wdm.WebDriverManager.setup()V+118
j  tutorial.tests.BaseTest.setUpBrowser()V+8
v  ~StubRoutines::call_stub
j  jdk.internal.reflect.NativeMethodAccessorImpl.invoke0(Ljava/lang/reflect/Method;Ljava/lang/Object;[Ljava/lang/Object;)Ljava/lang/Object;+0 java.base@17.0.7
j  jdk.internal.reflect.NativeMethodAccessorImpl.invoke(Ljava/lang/Object;[Ljava/lang/Object;)Ljava/lang/Object;+133 java.base@17.0.7
j  jdk.internal.reflect.DelegatingMethodAccessorImpl.invoke(Ljava/lang/Object;[Ljava/lang/Object;)Ljava/lang/Object;+6 java.base@17.0.7
j  java.lang.reflect.Method.invoke(Ljava/lang/Object;[Ljava/lang/Object;)Ljava/lang/Object;+59 java.base@17.0.7
j  org.testng.internal.invokers.MethodInvocationHelper.invokeMethod(Ljava/lang/reflect/Method;Ljava/lang/Object;[Ljava/lang/Object;)Ljava/lang/Object;+198
j  org.testng.internal.invokers.MethodInvocationHelper.invokeMethodConsideringTimeout(Lorg/testng/ITestNGMethod;Lorg/testng/internal/ConstructorOrMethod;Ljava/lang/Object;[Ljava/lang/Object;Lorg/testng/ITestResult;)V+15
j  org.testng.internal.invokers.ConfigInvoker.invokeConfigurationMethod(Ljava/lang/Object;Lorg/testng/ITestNGMethod;[Ljava/lang/Object;Lorg/testng/ITestResult;)V+218
j  org.testng.internal.invokers.ConfigInvoker.invokeConfigurations(Lorg/testng/internal/invokers/ConfigMethodArguments;)V+530
j  org.testng.internal.invokers.TestInvoker.runConfigMethods(Lorg/testng/internal/invokers/TestMethodArguments;Lorg/testng/xml/XmlSuite;Lorg/testng/internal/TestResult;[Lorg/testng/ITestNGMethod;)V+66
j  org.testng.internal.invokers.TestInvoker.invokeMethod(Lorg/testng/internal/invokers/TestMethodArguments;Lorg/testng/xml/XmlSuite;Lorg/testng/internal/invokers/ITestInvoker$FailureContext;)Lorg/testng/ITestResult;+106
j  org.testng.internal.invokers.TestInvoker.invokeTestMethod(Lorg/testng/internal/invokers/TestMethodArguments;Lorg/testng/xml/XmlSuite;Lorg/testng/internal/invokers/ITestInvoker$FailureContext;)Lorg/testng/ITestResult;+16
j  org.testng.internal.invokers.MethodRunner.runInSequence(Lorg/testng/internal/invokers/TestMethodArguments;Lorg/testng/internal/invokers/ITestInvoker;Lorg/testng/ITestContext;Ljava/util/concurrent/atomic/AtomicInteger;Lorg/testng/internal/invokers/ITestInvoker$FailureContext;Ljava/util/Iterator;Z)Ljava/util/List;+127
j  org.testng.internal.invokers.TestInvoker$MethodInvocationAgent.invoke(I)I+376
j  org.testng.internal.invokers.TestInvoker.invokeTestMethods(Lorg/testng/ITestNGMethod;Lorg/testng/internal/ConfigurationGroupMethods;Ljava/lang/Object;Lorg/testng/ITestContext;)Ljava/util/List;+569
j  org.testng.internal.invokers.TestMethodWorker.invokeTestMethods(Lorg/testng/ITestNGMethod;Ljava/lang/Object;)V+14
j  org.testng.internal.invokers.TestMethodWorker.run()V+127
j  org.testng.TestRunner$$Lambda$173+0x0000000800cbea60.accept(Ljava/lang/Object;)V+7
j  java.util.ArrayList.forEach(Ljava/util/function/Consumer;)V+46 java.base@17.0.7
j  org.testng.TestRunner.privateRun(Lorg/testng/xml/XmlTest;)V+412
j  org.testng.TestRunner.run()V+25
j  org.testng.SuiteRunner.runTest(Lorg/testng/TestRunner;)V+21
j  org.testng.SuiteRunner.runSequentially()V+31
j  org.testng.SuiteRunner.privateRun()V+340
j  org.testng.SuiteRunner.run()V+6
j  org.testng.SuiteRunnerWorker.runSuite(Lorg/testng/internal/invokers/SuiteRunnerMap;Lorg/testng/xml/XmlSuite;)V+56
j  org.testng.SuiteRunnerWorker.run()V+12
j  org.testng.TestNG.runSuitesSequentially(Lorg/testng/xml/XmlSuite;Lorg/testng/internal/invokers/SuiteRunnerMap;ILjava/lang/String;)V+66
j  org.testng.TestNG.runSuitesLocally()Ljava/util/List;+156
j  org.testng.TestNG.runSuites()Ljava/util/List;+1
j  org.testng.TestNG.run()V+25
j  com.intellij.rt.testng.IDEARemoteTestNG.run()V+270
j  com.intellij.rt.testng.RemoteTestNGStarter.main([Ljava/lang/String;)V+548
v  ~StubRoutines::call_stub

---------------  P R O C E S S  ---------------

Threads class SMR info:
_java_thread_list=0x00000291603a2cf0, length=14, elements={
0x0000029141118800, 0x000002915e8a6070, 0x000002915e8a6df0, 0x000002915e8bbba0,
0x000002915e8be870, 0x000002915e8bf130, 0x000002915e8bf9f0, 0x000002915e8c85f0,
0x000002915e8d04c0, 0x000002915e8ec590, 0x000002915e891050, 0x000002915f513410,
0x000002915f5138e0, 0x000002915fff4200
}

Java Threads: ( => current thread )
=>0x0000029141118800 JavaThread "main" [_thread_in_vm, id=10480, stack(0x000000c47bd00000,0x000000c47be00000)]
  0x000002915e8a6070 JavaThread "Reference Handler" daemon [_thread_blocked, id=4408, stack(0x000000c47c400000,0x000000c47c500000)]
  0x000002915e8a6df0 JavaThread "Finalizer" daemon [_thread_blocked, id=26180, stack(0x000000c47c500000,0x000000c47c600000)]
  0x000002915e8bbba0 JavaThread "Signal Dispatcher" daemon [_thread_blocked, id=38168, stack(0x000000c47c600000,0x000000c47c700000)]
  0x000002915e8be870 JavaThread "Attach Listener" daemon [_thread_blocked, id=35760, stack(0x000000c47c700000,0x000000c47c800000)]
  0x000002915e8bf130 JavaThread "Service Thread" daemon [_thread_blocked, id=32648, stack(0x000000c47c800000,0x000000c47c900000)]
  0x000002915e8bf9f0 JavaThread "Monitor Deflation Thread" daemon [_thread_blocked, id=38900, stack(0x000000c47c900000,0x000000c47ca00000)]
  0x000002915e8c85f0 JavaThread "C2 CompilerThread0" daemon [_thread_blocked, id=8224, stack(0x000000c47ca00000,0x000000c47cb00000)]
  0x000002915e8d04c0 JavaThread "C1 CompilerThread0" daemon [_thread_blocked, id=2616, stack(0x000000c47cb00000,0x000000c47cc00000)]
  0x000002915e8ec590 JavaThread "Sweeper thread" daemon [_thread_blocked, id=39620, stack(0x000000c47cc00000,0x000000c47cd00000)]
  0x000002915e891050 JavaThread "Common-Cleaner" daemon [_thread_blocked, id=38524, stack(0x000000c47cd00000,0x000000c47ce00000)]
  0x000002915f513410 JavaThread "Monitor Ctrl-Break" daemon [_thread_in_native, id=36692, stack(0x000000c47ce00000,0x000000c47cf00000)]
  0x000002915f5138e0 JavaThread "Notification Thread" daemon [_thread_blocked, id=18236, stack(0x000000c47cf00000,0x000000c47d000000)]
  0x000002915fff4200 JavaThread "C2 CompilerThread1" daemon [_thread_blocked, id=16868, stack(0x000000c47d100000,0x000000c47d200000)]

Other Threads:
  0x000002915e8a2570 VMThread "VM Thread" [stack: 0x000000c47c300000,0x000000c47c400000] [id=10684]
  0x0000029141187070 WatcherThread [stack: 0x000000c47d000000,0x000000c47d100000] [id=39308]
  0x000002914116ad70 GCTaskThread "GC Thread#0" [stack: 0x000000c47be00000,0x000000c47bf00000] [id=25356]
  0x000002915fed93d0 GCTaskThread "GC Thread#1" [stack: 0x000000c47d200000,0x000000c47d300000] [id=39124]
  0x000002915fed9680 GCTaskThread "GC Thread#2" [stack: 0x000000c47d300000,0x000000c47d400000] [id=39804]
  0x000002915ff35760 GCTaskThread "GC Thread#3" [stack: 0x000000c47d400000,0x000000c47d500000] [id=38372]
  0x000002914117b640 ConcurrentGCThread "G1 Main Marker" [stack: 0x000000c47bf00000,0x000000c47c000000] [id=37624]
  0x000002914117bf60 ConcurrentGCThread "G1 Conc#0" [stack: 0x000000c47c000000,0x000000c47c100000] [id=35640]
  0x00000291411d8670 ConcurrentGCThread "G1 Refine#0" [stack: 0x000000c47c100000,0x000000c47c200000] [id=29772]
  0x000002915ff35a10 ConcurrentGCThread "G1 Refine#1" [stack: 0x000000c47d500000,0x000000c47d600000] [id=37128]
  0x000002915e7610b0 ConcurrentGCThread "G1 Service" [stack: 0x000000c47c200000,0x000000c47c300000] [id=9988]

Threads with active compile tasks:

VM state: not at safepoint (normal execution)

VM Mutex/Monitor currently owned by a thread:  ([mutex/lock_event])
[0x00000291411143d0] Metaspace_lock - owner thread: 0x0000029141118800

Heap address: 0x0000000082c00000, size: 2004 MB, Compressed Oops mode: 32-bit

CDS archive(s) mapped at: [0x0000000800000000-0x0000000800bd0000-0x0000000800bd0000), size 12386304, SharedBaseAddress: 0x0000000800000000, ArchiveRelocationMode: 0.
Compressed class space mapped at: 0x0000000800c00000-0x0000000840c00000, reserved size: 1073741824
Narrow klass base: 0x0000000800000000, Narrow klass shift: 0, Narrow klass range: 0x100000000

GC Precious Log:
 CPUs: 4 total, 4 available
 Memory: 8011M
 Large Page Support: Disabled
 NUMA Support: Disabled
 Compressed Oops: Enabled (32-bit)
 Heap Region Size: 1M
 Heap Min Capacity: 8M
 Heap Initial Capacity: 126M
 Heap Max Capacity: 2004M
 Pre-touch: Disabled
 Parallel Workers: 4
 Concurrent Workers: 1
 Concurrent Refinement Workers: 4
 Periodic GC: Disabled

Heap:
 garbage-first heap   total 129024K, used 29699K [0x0000000082c00000, 0x0000000100000000)
  region size 1024K, 23 young (23552K), 1 survivors (1024K)
 Metaspace       used 14072K, committed 14336K, reserved 1064960K
  class space    used 1607K, committed 1728K, reserved 1048576K

Heap Regions: E=young(eden), S=young(survivor), O=old, HS=humongous(starts), HC=humongous(continues), CS=collection set, F=free, OA=open archive, CA=closed archive, TAMS=top-at-mark-start (previous, next)
|   0|0x0000000082c00000, 0x0000000082d00000, 0x0000000082d00000|100%|HS|  |TAMS 0x0000000082c00000, 0x0000000082c00000| Complete 
|   1|0x0000000082d00000, 0x0000000082e00000, 0x0000000082e00000|100%|HS|  |TAMS 0x0000000082d00000, 0x0000000082d00000| Complete 
|   2|0x0000000082e00000, 0x0000000082f00000, 0x0000000082f00000|100%| O|  |TAMS 0x0000000082e00000, 0x0000000082e00000| Untracked 
|   3|0x0000000082f00000, 0x0000000083000000, 0x0000000083000000|100%| O|  |TAMS 0x0000000082f00000, 0x0000000082f00000| Untracked 
|   4|0x0000000083000000, 0x0000000083100000, 0x0000000083100000|100%| O|  |TAMS 0x0000000083000000, 0x0000000083000000| Untracked 
|   5|0x0000000083100000, 0x0000000083200000, 0x0000000083200000|100%| O|  |TAMS 0x0000000083100000, 0x0000000083100000| Untracked 
|   6|0x0000000083200000, 0x0000000083300000, 0x0000000083300000|100%| O|  |TAMS 0x0000000083200000, 0x0000000083200000| Untracked 
|   7|0x0000000083300000, 0x0000000083324a00, 0x0000000083400000| 14%| O|  |TAMS 0x0000000083300000, 0x0000000083300000| Untracked 
|   8|0x0000000083400000, 0x0000000083400000, 0x0000000083500000|  0%| F|  |TAMS 0x0000000083400000, 0x0000000083400000| Untracked 
|   9|0x0000000083500000, 0x0000000083500000, 0x0000000083600000|  0%| F|  |TAMS 0x0000000083500000, 0x0000000083500000| Untracked 
|  10|0x0000000083600000, 0x0000000083600000, 0x0000000083700000|  0%| F|  |TAMS 0x0000000083600000, 0x0000000083600000| Untracked 
|  11|0x0000000083700000, 0x0000000083700000, 0x0000000083800000|  0%| F|  |TAMS 0x0000000083700000, 0x0000000083700000| Untracked 
|  12|0x0000000083800000, 0x0000000083800000, 0x0000000083900000|  0%| F|  |TAMS 0x0000000083800000, 0x0000000083800000| Untracked 
|  13|0x0000000083900000, 0x0000000083900000, 0x0000000083a00000|  0%| F|  |TAMS 0x0000000083900000, 0x0000000083900000| Untracked 
|  14|0x0000000083a00000, 0x0000000083a00000, 0x0000000083b00000|  0%| F|  |TAMS 0x0000000083a00000, 0x0000000083a00000| Untracked 
|  15|0x0000000083b00000, 0x0000000083b00000, 0x0000000083c00000|  0%| F|  |TAMS 0x0000000083b00000, 0x0000000083b00000| Untracked 
|  16|0x0000000083c00000, 0x0000000083c00000, 0x0000000083d00000|  0%| F|  |TAMS 0x0000000083c00000, 0x0000000083c00000| Untracked 
|  17|0x0000000083d00000, 0x0000000083d00000, 0x0000000083e00000|  0%| F|  |TAMS 0x0000000083d00000, 0x0000000083d00000| Untracked 
|  18|0x0000000083e00000, 0x0000000083e00000, 0x0000000083f00000|  0%| F|  |TAMS 0x0000000083e00000, 0x0000000083e00000| Untracked 
|  19|0x0000000083f00000, 0x0000000083f00000, 0x0000000084000000|  0%| F|  |TAMS 0x0000000083f00000, 0x0000000083f00000| Untracked 
|  20|0x0000000084000000, 0x0000000084000000, 0x0000000084100000|  0%| F|  |TAMS 0x0000000084000000, 0x0000000084000000| Untracked 
|  21|0x0000000084100000, 0x0000000084100000, 0x0000000084200000|  0%| F|  |TAMS 0x0000000084100000, 0x0000000084100000| Untracked 
|  22|0x0000000084200000, 0x0000000084200000, 0x0000000084300000|  0%| F|  |TAMS 0x0000000084200000, 0x0000000084200000| Untracked 
|  23|0x0000000084300000, 0x0000000084300000, 0x0000000084400000|  0%| F|  |TAMS 0x0000000084300000, 0x0000000084300000| Untracked 
|  24|0x0000000084400000, 0x0000000084400000, 0x0000000084500000|  0%| F|  |TAMS 0x0000000084400000, 0x0000000084400000| Untracked 
|  25|0x0000000084500000, 0x0000000084500000, 0x0000000084600000|  0%| F|  |TAMS 0x0000000084500000, 0x0000000084500000| Untracked 
|  26|0x0000000084600000, 0x0000000084600000, 0x0000000084700000|  0%| F|  |TAMS 0x0000000084600000, 0x0000000084600000| Untracked 
|  27|0x0000000084700000, 0x0000000084700000, 0x0000000084800000|  0%| F|  |TAMS 0x0000000084700000, 0x0000000084700000| Untracked 
|  28|0x0000000084800000, 0x0000000084800000, 0x0000000084900000|  0%| F|  |TAMS 0x0000000084800000, 0x0000000084800000| Untracked 
|  29|0x0000000084900000, 0x0000000084900000, 0x0000000084a00000|  0%| F|  |TAMS 0x0000000084900000, 0x0000000084900000| Untracked 
|  30|0x0000000084a00000, 0x0000000084a00000, 0x0000000084b00000|  0%| F|  |TAMS 0x0000000084a00000, 0x0000000084a00000| Untracked 
|  31|0x0000000084b00000, 0x0000000084b00000, 0x0000000084c00000|  0%| F|  |TAMS 0x0000000084b00000, 0x0000000084b00000| Untracked 
|  32|0x0000000084c00000, 0x0000000084c00000, 0x0000000084d00000|  0%| F|  |TAMS 0x0000000084c00000, 0x0000000084c00000| Untracked 
|  33|0x0000000084d00000, 0x0000000084d00000, 0x0000000084e00000|  0%| F|  |TAMS 0x0000000084d00000, 0x0000000084d00000| Untracked 
|  34|0x0000000084e00000, 0x0000000084e00000, 0x0000000084f00000|  0%| F|  |TAMS 0x0000000084e00000, 0x0000000084e00000| Untracked 
|  35|0x0000000084f00000, 0x0000000084f00000, 0x0000000085000000|  0%| F|  |TAMS 0x0000000084f00000, 0x0000000084f00000| Untracked 
|  36|0x0000000085000000, 0x0000000085000000, 0x0000000085100000|  0%| F|  |TAMS 0x0000000085000000, 0x0000000085000000| Untracked 
|  37|0x0000000085100000, 0x0000000085100000, 0x0000000085200000|  0%| F|  |TAMS 0x0000000085100000, 0x0000000085100000| Untracked 
|  38|0x0000000085200000, 0x0000000085200000, 0x0000000085300000|  0%| F|  |TAMS 0x0000000085200000, 0x0000000085200000| Untracked 
|  39|0x0000000085300000, 0x0000000085300000, 0x0000000085400000|  0%| F|  |TAMS 0x0000000085300000, 0x0000000085300000| Untracked 
|  40|0x0000000085400000, 0x0000000085400000, 0x0000000085500000|  0%| F|  |TAMS 0x0000000085400000, 0x0000000085400000| Untracked 
|  41|0x0000000085500000, 0x0000000085500000, 0x0000000085600000|  0%| F|  |TAMS 0x0000000085500000, 0x0000000085500000| Untracked 
|  42|0x0000000085600000, 0x0000000085600000, 0x0000000085700000|  0%| F|  |TAMS 0x0000000085600000, 0x0000000085600000| Untracked 
|  43|0x0000000085700000, 0x0000000085700000, 0x0000000085800000|  0%| F|  |TAMS 0x0000000085700000, 0x0000000085700000| Untracked 
|  44|0x0000000085800000, 0x0000000085800000, 0x0000000085900000|  0%| F|  |TAMS 0x0000000085800000, 0x0000000085800000| Untracked 
|  45|0x0000000085900000, 0x0000000085900000, 0x0000000085a00000|  0%| F|  |TAMS 0x0000000085900000, 0x0000000085900000| Untracked 
|  46|0x0000000085a00000, 0x0000000085a00000, 0x0000000085b00000|  0%| F|  |TAMS 0x0000000085a00000, 0x0000000085a00000| Untracked 
|  47|0x0000000085b00000, 0x0000000085b00000, 0x0000000085c00000|  0%| F|  |TAMS 0x0000000085b00000, 0x0000000085b00000| Untracked 
|  48|0x0000000085c00000, 0x0000000085c00000, 0x0000000085d00000|  0%| F|  |TAMS 0x0000000085c00000, 0x0000000085c00000| Untracked 
|  49|0x0000000085d00000, 0x0000000085d00000, 0x0000000085e00000|  0%| F|  |TAMS 0x0000000085d00000, 0x0000000085d00000| Untracked 
|  50|0x0000000085e00000, 0x0000000085e00000, 0x0000000085f00000|  0%| F|  |TAMS 0x0000000085e00000, 0x0000000085e00000| Untracked 
|  51|0x0000000085f00000, 0x0000000085f00000, 0x0000000086000000|  0%| F|  |TAMS 0x0000000085f00000, 0x0000000085f00000| Untracked 
|  52|0x0000000086000000, 0x0000000086000000, 0x0000000086100000|  0%| F|  |TAMS 0x0000000086000000, 0x0000000086000000| Untracked 
|  53|0x0000000086100000, 0x0000000086100000, 0x0000000086200000|  0%| F|  |TAMS 0x0000000086100000, 0x0000000086100000| Untracked 
|  54|0x0000000086200000, 0x0000000086200000, 0x0000000086300000|  0%| F|  |TAMS 0x0000000086200000, 0x0000000086200000| Untracked 
|  55|0x0000000086300000, 0x0000000086300000, 0x0000000086400000|  0%| F|  |TAMS 0x0000000086300000, 0x0000000086300000| Untracked 
|  56|0x0000000086400000, 0x0000000086400000, 0x0000000086500000|  0%| F|  |TAMS 0x0000000086400000, 0x0000000086400000| Untracked 
|  57|0x0000000086500000, 0x0000000086500000, 0x0000000086600000|  0%| F|  |TAMS 0x0000000086500000, 0x0000000086500000| Untracked 
|  58|0x0000000086600000, 0x0000000086600000, 0x0000000086700000|  0%| F|  |TAMS 0x0000000086600000, 0x0000000086600000| Untracked 
|  59|0x0000000086700000, 0x0000000086700000, 0x0000000086800000|  0%| F|  |TAMS 0x0000000086700000, 0x0000000086700000| Untracked 
|  60|0x0000000086800000, 0x0000000086800000, 0x0000000086900000|  0%| F|  |TAMS 0x0000000086800000, 0x0000000086800000| Untracked 
|  61|0x0000000086900000, 0x0000000086900000, 0x0000000086a00000|  0%| F|  |TAMS 0x0000000086900000, 0x0000000086900000| Untracked 
|  62|0x0000000086a00000, 0x0000000086a00000, 0x0000000086b00000|  0%| F|  |TAMS 0x0000000086a00000, 0x0000000086a00000| Untracked 
|  63|0x0000000086b00000, 0x0000000086b00000, 0x0000000086c00000|  0%| F|  |TAMS 0x0000000086b00000, 0x0000000086b00000| Untracked 
|  64|0x0000000086c00000, 0x0000000086c00000, 0x0000000086d00000|  0%| F|  |TAMS 0x0000000086c00000, 0x0000000086c00000| Untracked 
|  65|0x0000000086d00000, 0x0000000086d00000, 0x0000000086e00000|  0%| F|  |TAMS 0x0000000086d00000, 0x0000000086d00000| Untracked 
|  66|0x0000000086e00000, 0x0000000086e00000, 0x0000000086f00000|  0%| F|  |TAMS 0x0000000086e00000, 0x0000000086e00000| Untracked 
|  67|0x0000000086f00000, 0x0000000086f00000, 0x0000000087000000|  0%| F|  |TAMS 0x0000000086f00000, 0x0000000086f00000| Untracked 
|  68|0x0000000087000000, 0x0000000087000000, 0x0000000087100000|  0%| F|  |TAMS 0x0000000087000000, 0x0000000087000000| Untracked 
|  69|0x0000000087100000, 0x0000000087100000, 0x0000000087200000|  0%| F|  |TAMS 0x0000000087100000, 0x0000000087100000| Untracked 
|  70|0x0000000087200000, 0x0000000087200000, 0x0000000087300000|  0%| F|  |TAMS 0x0000000087200000, 0x0000000087200000| Untracked 
|  71|0x0000000087300000, 0x0000000087300000, 0x0000000087400000|  0%| F|  |TAMS 0x0000000087300000, 0x0000000087300000| Untracked 
|  72|0x0000000087400000, 0x0000000087400000, 0x0000000087500000|  0%| F|  |TAMS 0x0000000087400000, 0x0000000087400000| Untracked 
|  73|0x0000000087500000, 0x0000000087500000, 0x0000000087600000|  0%| F|  |TAMS 0x0000000087500000, 0x0000000087500000| Untracked 
|  74|0x0000000087600000, 0x0000000087600000, 0x0000000087700000|  0%| F|  |TAMS 0x0000000087600000, 0x0000000087600000| Untracked 
|  75|0x0000000087700000, 0x0000000087700000, 0x0000000087800000|  0%| F|  |TAMS 0x0000000087700000, 0x0000000087700000| Untracked 
|  76|0x0000000087800000, 0x0000000087800000, 0x0000000087900000|  0%| F|  |TAMS 0x0000000087800000, 0x0000000087800000| Untracked 
|  77|0x0000000087900000, 0x0000000087900000, 0x0000000087a00000|  0%| F|  |TAMS 0x0000000087900000, 0x0000000087900000| Untracked 
|  78|0x0000000087a00000, 0x0000000087a00000, 0x0000000087b00000|  0%| F|  |TAMS 0x0000000087a00000, 0x0000000087a00000| Untracked 
|  79|0x0000000087b00000, 0x0000000087b00000, 0x0000000087c00000|  0%| F|  |TAMS 0x0000000087b00000, 0x0000000087b00000| Untracked 
|  80|0x0000000087c00000, 0x0000000087c00000, 0x0000000087d00000|  0%| F|  |TAMS 0x0000000087c00000, 0x0000000087c00000| Untracked 
|  81|0x0000000087d00000, 0x0000000087d00000, 0x0000000087e00000|  0%| F|  |TAMS 0x0000000087d00000, 0x0000000087d00000| Untracked 
|  82|0x0000000087e00000, 0x0000000087e00000, 0x0000000087f00000|  0%| F|  |TAMS 0x0000000087e00000, 0x0000000087e00000| Untracked 
|  83|0x0000000087f00000, 0x0000000087f00000, 0x0000000088000000|  0%| F|  |TAMS 0x0000000087f00000, 0x0000000087f00000| Untracked 
|  84|0x0000000088000000, 0x0000000088000000, 0x0000000088100000|  0%| F|  |TAMS 0x0000000088000000, 0x0000000088000000| Untracked 
|  85|0x0000000088100000, 0x0000000088100000, 0x0000000088200000|  0%| F|  |TAMS 0x0000000088100000, 0x0000000088100000| Untracked 
|  86|0x0000000088200000, 0x0000000088200000, 0x0000000088300000|  0%| F|  |TAMS 0x0000000088200000, 0x0000000088200000| Untracked 
|  87|0x0000000088300000, 0x0000000088300000, 0x0000000088400000|  0%| F|  |TAMS 0x0000000088300000, 0x0000000088300000| Untracked 
|  88|0x0000000088400000, 0x0000000088400000, 0x0000000088500000|  0%| F|  |TAMS 0x0000000088400000, 0x0000000088400000| Untracked 
|  89|0x0000000088500000, 0x0000000088500000, 0x0000000088600000|  0%| F|  |TAMS 0x0000000088500000, 0x0000000088500000| Untracked 
|  90|0x0000000088600000, 0x0000000088600000, 0x0000000088700000|  0%| F|  |TAMS 0x0000000088600000, 0x0000000088600000| Untracked 
|  91|0x0000000088700000, 0x0000000088700000, 0x0000000088800000|  0%| F|  |TAMS 0x0000000088700000, 0x0000000088700000| Untracked 
|  92|0x0000000088800000, 0x0000000088800000, 0x0000000088900000|  0%| F|  |TAMS 0x0000000088800000, 0x0000000088800000| Untracked 
|  93|0x0000000088900000, 0x0000000088900000, 0x0000000088a00000|  0%| F|  |TAMS 0x0000000088900000, 0x0000000088900000| Untracked 
|  94|0x0000000088a00000, 0x0000000088a00000, 0x0000000088b00000|  0%| F|  |TAMS 0x0000000088a00000, 0x0000000088a00000| Untracked 
|  95|0x0000000088b00000, 0x0000000088b00000, 0x0000000088c00000|  0%| F|  |TAMS 0x0000000088b00000, 0x0000000088b00000| Untracked 
|  96|0x0000000088c00000, 0x0000000088c00000, 0x0000000088d00000|  0%| F|  |TAMS 0x0000000088c00000, 0x0000000088c00000| Untracked 
|  97|0x0000000088d00000, 0x0000000088d00000, 0x0000000088e00000|  0%| F|  |TAMS 0x0000000088d00000, 0x0000000088d00000| Untracked 
|  98|0x0000000088e00000, 0x0000000088e00000, 0x0000000088f00000|  0%| F|  |TAMS 0x0000000088e00000, 0x0000000088e00000| Untracked 
|  99|0x0000000088f00000, 0x0000000088f00000, 0x0000000089000000|  0%| F|  |TAMS 0x0000000088f00000, 0x0000000088f00000| Untracked 
| 100|0x0000000089000000, 0x0000000089000000, 0x0000000089100000|  0%| F|  |TAMS 0x0000000089000000, 0x0000000089000000| Untracked 
| 101|0x0000000089100000, 0x0000000089100000, 0x0000000089200000|  0%| F|  |TAMS 0x0000000089100000, 0x0000000089100000| Untracked 
| 102|0x0000000089200000, 0x0000000089200000, 0x0000000089300000|  0%| F|  |TAMS 0x0000000089200000, 0x0000000089200000| Untracked 
| 103|0x0000000089300000, 0x0000000089400000, 0x0000000089400000|100%| E|  |TAMS 0x0000000089300000, 0x0000000089300000| Complete 
| 104|0x0000000089400000, 0x0000000089500000, 0x0000000089500000|100%| E|CS|TAMS 0x0000000089400000, 0x0000000089400000| Complete 
| 105|0x0000000089500000, 0x0000000089600000, 0x0000000089600000|100%| E|CS|TAMS 0x0000000089500000, 0x0000000089500000| Complete 
| 106|0x0000000089600000, 0x0000000089700000, 0x0000000089700000|100%| E|CS|TAMS 0x0000000089600000, 0x0000000089600000| Complete 
| 107|0x0000000089700000, 0x0000000089800000, 0x0000000089800000|100%| E|CS|TAMS 0x0000000089700000, 0x0000000089700000| Complete 
| 108|0x0000000089800000, 0x0000000089900000, 0x0000000089900000|100%| E|CS|TAMS 0x0000000089800000, 0x0000000089800000| Complete 
| 109|0x0000000089900000, 0x0000000089a00000, 0x0000000089a00000|100%| E|CS|TAMS 0x0000000089900000, 0x0000000089900000| Complete 
| 110|0x0000000089a00000, 0x0000000089b00000, 0x0000000089b00000|100%| E|CS|TAMS 0x0000000089a00000, 0x0000000089a00000| Complete 
| 111|0x0000000089b00000, 0x0000000089c00000, 0x0000000089c00000|100%| E|CS|TAMS 0x0000000089b00000, 0x0000000089b00000| Complete 
| 112|0x0000000089c00000, 0x0000000089d00000, 0x0000000089d00000|100%| E|CS|TAMS 0x0000000089c00000, 0x0000000089c00000| Complete 
| 113|0x0000000089d00000, 0x0000000089e00000, 0x0000000089e00000|100%| E|CS|TAMS 0x0000000089d00000, 0x0000000089d00000| Complete 
| 114|0x0000000089e00000, 0x0000000089f00000, 0x0000000089f00000|100%| E|CS|TAMS 0x0000000089e00000, 0x0000000089e00000| Complete 
| 115|0x0000000089f00000, 0x0000000089fdc438, 0x000000008a000000| 86%| S|CS|TAMS 0x0000000089f00000, 0x0000000089f00000| Complete 
| 116|0x000000008a000000, 0x000000008a100000, 0x000000008a100000|100%| E|CS|TAMS 0x000000008a000000, 0x000000008a000000| Complete 
| 117|0x000000008a100000, 0x000000008a200000, 0x000000008a200000|100%| E|CS|TAMS 0x000000008a100000, 0x000000008a100000| Complete 
| 118|0x000000008a200000, 0x000000008a300000, 0x000000008a300000|100%| E|CS|TAMS 0x000000008a200000, 0x000000008a200000| Complete 
| 119|0x000000008a300000, 0x000000008a400000, 0x000000008a400000|100%| E|CS|TAMS 0x000000008a300000, 0x000000008a300000| Complete 
| 120|0x000000008a400000, 0x000000008a500000, 0x000000008a500000|100%| E|CS|TAMS 0x000000008a400000, 0x000000008a400000| Complete 
| 121|0x000000008a500000, 0x000000008a600000, 0x000000008a600000|100%| E|CS|TAMS 0x000000008a500000, 0x000000008a500000| Complete 
| 122|0x000000008a600000, 0x000000008a700000, 0x000000008a700000|100%| E|CS|TAMS 0x000000008a600000, 0x000000008a600000| Complete 
| 123|0x000000008a700000, 0x000000008a800000, 0x000000008a800000|100%| E|CS|TAMS 0x000000008a700000, 0x000000008a700000| Complete 
| 124|0x000000008a800000, 0x000000008a900000, 0x000000008a900000|100%| E|CS|TAMS 0x000000008a800000, 0x000000008a800000| Complete 
| 125|0x000000008a900000, 0x000000008aa00000, 0x000000008aa00000|100%| E|CS|TAMS 0x000000008a900000, 0x000000008a900000| Complete 

Card table byte_map: [0x0000029157d80000,0x0000029158170000] _byte_map_base: 0x000002915796a000

Marking Bits (Prev, Next): (CMBitMap*) 0x000002914116b290, (CMBitMap*) 0x000002914116b2d0
 Prev Bits: [0x0000029158560000, 0x000002915a4b0000)
 Next Bits: [0x000002915a4b0000, 0x000002915c400000)

Polling page: 0x000002913f040000

Metaspace:

Usage:
  Non-class:     12.17 MB used.
      Class:      1.57 MB used.
       Both:     13.74 MB used.

Virtual space:
  Non-class space:       16.00 MB reserved,      12.31 MB ( 77%) committed,  2 nodes.
      Class space:        1.00 GB reserved,       1.69 MB ( <1%) committed,  1 nodes.
             Both:        1.02 GB reserved,      14.00 MB (  1%) committed. 

Chunk freelists:
   Non-Class:  2.92 MB
       Class:  2.19 MB
        Both:  5.11 MB

MaxMetaspaceSize: unlimited
CompressedClassSpaceSize: 1.00 GB
Initial GC threshold: 21.00 MB
Current GC threshold: 21.00 MB
CDS: on
MetaspaceReclaimPolicy: balanced
 - commit_granule_bytes: 65536.
 - commit_granule_words: 8192.
 - virtual_space_node_default_size: 1048576.
 - enlarge_chunks_in_place: 1.
 - new_chunks_are_fully_committed: 0.
 - uncommit_free_chunks: 1.
 - use_allocation_guard: 0.
 - handle_deallocations: 1.


Internal statistics:

num_allocs_failed_limit: 0.
num_arena_births: 258.
num_arena_deaths: 0.
num_vsnodes_births: 3.
num_vsnodes_deaths: 0.
num_space_committed: 224.
num_space_uncommitted: 0.
num_chunks_returned_to_freelist: 0.
num_chunks_taken_from_freelist: 548.
num_chunk_merges: 0.
num_chunk_splits: 333.
num_chunks_enlarged: 204.
num_purges: 0.
num_inconsistent_stats: 0.

CodeHeap 'non-profiled nmethods': size=120000Kb used=845Kb max_used=845Kb free=119154Kb
 bounds [0x0000029150460000, 0x00000291506d0000, 0x0000029157990000]
CodeHeap 'profiled nmethods': size=120000Kb used=4109Kb max_used=4109Kb free=115891Kb
 bounds [0x0000029148990000, 0x0000029148da0000, 0x000002914fec0000]
CodeHeap 'non-nmethods': size=5760Kb used=1225Kb max_used=1253Kb free=4534Kb
 bounds [0x000002914fec0000, 0x0000029150130000, 0x0000029150460000]
 total_blobs=2629 nmethods=2105 adapters=436
 compilation: enabled
              stopped_count=0, restarted_count=0
 full_count=0

Compilation events (20 events):
Event: 4.138 Thread 0x000002915e8d04c0 nmethod 2096 0x0000029148d8e810 code [0x0000029148d8e9c0, 0x0000029148d8ebe8]
Event: 4.140 Thread 0x000002915e8d04c0 2097       3       sun.security.provider.SHA2::implCompress0 (490 bytes)
Event: 4.141 Thread 0x000002915e8d04c0 nmethod 2097 0x0000029148d8ed10 code [0x0000029148d8ef00, 0x0000029148d8f7a8]
Event: 4.142 Thread 0x000002915e8d04c0 2098       3       java.lang.invoke.MethodType::dropParameterTypes (162 bytes)
Event: 4.143 Thread 0x000002915e8c85f0 2099       4       java.util.HashMap::containsKey (14 bytes)
Event: 4.143 Thread 0x000002915e8d04c0 nmethod 2098 0x0000029148d8fc90 code [0x0000029148d8ff80, 0x0000029148d90f08]
Event: 4.147 Thread 0x000002915e8d04c0 2100       3       java.math.MutableBigInteger::divideOneWord (332 bytes)
Event: 4.148 Thread 0x000002915e8d04c0 nmethod 2100 0x0000029148d91410 code [0x0000029148d91640, 0x0000029148d91f28]
Event: 4.149 Thread 0x000002915e8d04c0 2101       3       java.math.MutableBigInteger::<init> (29 bytes)
Event: 4.149 Thread 0x000002915fff4200 2103       4       sun.security.util.math.intpoly.IntegerPolynomial$MutableElement::setValue (33 bytes)
Event: 4.149 Thread 0x000002915e8d04c0 nmethod 2101 0x0000029148d92410 code [0x0000029148d925c0, 0x0000029148d92838]
Event: 4.149 Thread 0x000002915e8d04c0 2102       3       sun.security.ec.XECOperations::bitAt (23 bytes)
Event: 4.149 Thread 0x000002915e8d04c0 nmethod 2102 0x0000029148d92910 code [0x0000029148d92aa0, 0x0000029148d92c38]
Event: 4.150 Thread 0x000002915e8d04c0 2105       3       sun.security.util.math.intpoly.IntegerPolynomial25519::reduce (40 bytes)
Event: 4.150 Thread 0x000002915e8d04c0 nmethod 2105 0x0000029148d92d90 code [0x0000029148d92f40, 0x0000029148d93248]
Event: 4.151 Thread 0x000002915fff4200 nmethod 2103 0x0000029150531e10 code [0x0000029150531fa0, 0x0000029150532118]
Event: 4.151 Thread 0x000002915fff4200 2104       4       sun.security.util.math.intpoly.IntegerPolynomial$MutableElement::setValue (6 bytes)
Event: 4.151 Thread 0x000002915e8c85f0 nmethod 2099 0x0000029150532290 code [0x0000029150532420, 0x0000029150532878]
Event: 4.151 Thread 0x000002915e8c85f0 2106       4       sun.security.util.math.intpoly.IntegerPolynomial$MutableElement::setProduct (6 bytes)
Event: 4.153 Thread 0x000002915fff4200 nmethod 2104 0x0000029150532b10 code [0x0000029150532ca0, 0x0000029150532e18]

GC Heap History (4 events):
Event: 1.913 GC heap before
{Heap before GC invocations=0 (full 0):
 garbage-first heap   total 129024K, used 14336K [0x0000000082c00000, 0x0000000100000000)
  region size 1024K, 13 young (13312K), 0 survivors (0K)
 Metaspace       used 4897K, committed 5120K, reserved 1056768K
  class space    used 523K, committed 640K, reserved 1048576K
}
Event: 1.924 GC heap after
{Heap after GC invocations=1 (full 0):
 garbage-first heap   total 129024K, used 7245K [0x0000000082c00000, 0x0000000100000000)
  region size 1024K, 2 young (2048K), 2 survivors (2048K)
 Metaspace       used 4897K, committed 5120K, reserved 1056768K
  class space    used 523K, committed 640K, reserved 1048576K
}
Event: 2.542 GC heap before
{Heap before GC invocations=1 (full 0):
 garbage-first heap   total 129024K, used 16461K [0x0000000082c00000, 0x0000000100000000)
  region size 1024K, 12 young (12288K), 2 survivors (2048K)
 Metaspace       used 7695K, committed 8000K, reserved 1056768K
  class space    used 864K, committed 1024K, reserved 1048576K
}
Event: 2.550 GC heap after
{Heap after GC invocations=2 (full 0):
 garbage-first heap   total 129024K, used 8195K [0x0000000082c00000, 0x0000000100000000)
  region size 1024K, 1 young (1024K), 1 survivors (1024K)
 Metaspace       used 7695K, committed 8000K, reserved 1056768K
  class space    used 864K, committed 1024K, reserved 1048576K
}

Deoptimization events (20 events):
Event: 3.993 Thread 0x0000029141118800 Uncommon trap: trap_request=0xffffffde fr.pc=0x0000029150507728 relative=0x0000000000000088
Event: 3.993 Thread 0x0000029141118800 Uncommon trap: reason=class_check action=maybe_recompile pc=0x0000029150507728 method=java.util.Collections$UnmodifiableCollection$1.hasNext()Z @ 4 c2
Event: 3.993 Thread 0x0000029141118800 DEOPT PACKING pc=0x0000029150507728 sp=0x000000c47bdfc330
Event: 3.993 Thread 0x0000029141118800 DEOPT UNPACKING pc=0x000002914ff123a3 sp=0x000000c47bdfc2c0 mode 2
Event: 3.993 Thread 0x0000029141118800 Uncommon trap: trap_request=0xffffffde fr.pc=0x0000029150507b00 relative=0x00000000000000e0
Event: 3.993 Thread 0x0000029141118800 Uncommon trap: reason=class_check action=maybe_recompile pc=0x0000029150507b00 method=java.util.Collections$UnmodifiableCollection$1.next()Ljava/lang/Object; @ 4 c2
Event: 3.993 Thread 0x0000029141118800 DEOPT PACKING pc=0x0000029150507b00 sp=0x000000c47bdfc310
Event: 3.993 Thread 0x0000029141118800 DEOPT UNPACKING pc=0x000002914ff123a3 sp=0x000000c47bdfc2c0 mode 2
Event: 3.994 Thread 0x0000029141118800 Uncommon trap: trap_request=0xffffffde fr.pc=0x0000029150507728 relative=0x0000000000000088
Event: 3.994 Thread 0x0000029141118800 Uncommon trap: reason=class_check action=maybe_recompile pc=0x0000029150507728 method=java.util.Collections$UnmodifiableCollection$1.hasNext()Z @ 4 c2
Event: 3.994 Thread 0x0000029141118800 DEOPT PACKING pc=0x0000029150507728 sp=0x000000c47bdfc330
Event: 3.994 Thread 0x0000029141118800 DEOPT UNPACKING pc=0x000002914ff123a3 sp=0x000000c47bdfc2c0 mode 2
Event: 3.994 Thread 0x0000029141118800 Uncommon trap: trap_request=0xffffffde fr.pc=0x0000029150507b00 relative=0x00000000000000e0
Event: 3.994 Thread 0x0000029141118800 Uncommon trap: reason=class_check action=maybe_recompile pc=0x0000029150507b00 method=java.util.Collections$UnmodifiableCollection$1.next()Ljava/lang/Object; @ 4 c2
Event: 3.994 Thread 0x0000029141118800 DEOPT PACKING pc=0x0000029150507b00 sp=0x000000c47bdfc310
Event: 3.994 Thread 0x0000029141118800 DEOPT UNPACKING pc=0x000002914ff123a3 sp=0x000000c47bdfc2c0 mode 2
Event: 3.994 Thread 0x0000029141118800 Uncommon trap: trap_request=0xffffffde fr.pc=0x0000029150507b00 relative=0x00000000000000e0
Event: 3.994 Thread 0x0000029141118800 Uncommon trap: reason=class_check action=maybe_recompile pc=0x0000029150507b00 method=java.util.Collections$UnmodifiableCollection$1.next()Ljava/lang/Object; @ 4 c2
Event: 3.994 Thread 0x0000029141118800 DEOPT PACKING pc=0x0000029150507b00 sp=0x000000c47bdfc310
Event: 3.994 Thread 0x0000029141118800 DEOPT UNPACKING pc=0x000002914ff123a3 sp=0x000000c47bdfc2c0 mode 2

Classes unloaded (0 events):
No events

Classes redefined (0 events):
No events

Internal exceptions (20 events):
Event: 2.120 Thread 0x0000029141118800 Exception <a 'java/lang/NoSuchMethodError'{0x000000008a7f5570}: 'java.lang.Object java.lang.invoke.DirectMethodHandle$Holder.newInvokeSpecial(java.lang.Object, java.lang.Object, java.lang.Object, java.lang.Object, java.lang.Object, java.lang.Object, java.lang.Object)'> (0x000000008a7f5570) 
thrown [s\open\src\hotspot\share\interpreter\linkResolver.cpp, line 759]
Event: 2.120 Thread 0x0000029141118800 Exception <a 'java/lang/NoSuchMethodError'{0x000000008a7fa448}: 'java.lang.Object java.lang.invoke.Invokers$Holder.linkToTargetMethod(java.lang.Object, java.lang.Object, java.lang.Object, java.lang.Object, java.lang.Object, java.lang.Object, java.lang.Object)'> (0x000000008a7fa448) 
thrown [s\open\src\hotspot\share\interpreter\linkResolver.cpp, line 759]
Event: 2.123 Thread 0x0000029141118800 Exception <a 'java/lang/NoSuchMethodError'{0x000000008a6056b0}: 'void java.lang.invoke.DirectMethodHandle$Holder.invokeStatic(java.lang.Object, java.lang.Object, java.lang.Object, java.lang.Object)'> (0x000000008a6056b0) 
thrown [s\open\src\hotspot\share\interpreter\linkResolver.cpp, line 759]
Event: 2.140 Thread 0x0000029141118800 Exception <a 'java/lang/NoSuchMethodError'{0x000000008a656c30}: 'java.lang.Object java.lang.invoke.DirectMethodHandle$Holder.newInvokeSpecial(java.lang.Object, java.lang.Object, java.lang.Object, java.lang.Object, java.lang.Object)'> (0x000000008a656c30) 
thrown [s\open\src\hotspot\share\interpreter\linkResolver.cpp, line 759]
Event: 2.151 Thread 0x0000029141118800 Exception <a 'java/lang/NoSuchMethodError'{0x000000008a688910}: 'int java.lang.invoke.DirectMethodHandle$Holder.invokeSpecial(java.lang.Object, java.lang.Object, java.lang.Object)'> (0x000000008a688910) 
thrown [s\open\src\hotspot\share\interpreter\linkResolver.cpp, line 759]
Event: 2.169 Thread 0x0000029141118800 Exception <a 'java/lang/IncompatibleClassChangeError'{0x000000008a6fc1a8}: Found class java.lang.Object, but interface was expected> (0x000000008a6fc1a8) 
thrown [s\open\src\hotspot\share\interpreter\linkResolver.cpp, line 826]
Event: 2.192 Thread 0x0000029141118800 Exception <a 'java/lang/NoSuchMethodError'{0x000000008a570e20}: 'java.lang.Object java.lang.invoke.Invokers$Holder.linkToTargetMethod(java.lang.Object, long, java.lang.Object)'> (0x000000008a570e20) 
thrown [s\open\src\hotspot\share\interpreter\linkResolver.cpp, line 759]
Event: 2.195 Thread 0x0000029141118800 Exception <a 'java/lang/NoSuchMethodError'{0x000000008a57b390}: 'java.lang.Object java.lang.invoke.DirectMethodHandle$Holder.newInvokeSpecial(java.lang.Object, java.lang.Object, int, java.lang.Object, java.lang.Object)'> (0x000000008a57b390) 
thrown [s\open\src\hotspot\share\interpreter\linkResolver.cpp, line 759]
Event: 2.214 Thread 0x0000029141118800 Exception <a 'java/lang/NoSuchMethodError'{0x000000008a5d2180}: 'java.lang.Object java.lang.invoke.DirectMethodHandle$Holder.invokeStatic(java.lang.Object, java.lang.Object, java.lang.Object, int, java.lang.Object, java.lang.Object)'> (0x000000008a5d2180) 
thrown [s\open\src\hotspot\share\interpreter\linkResolver.cpp, line 759]
Event: 2.216 Thread 0x0000029141118800 Exception <a 'java/lang/NoSuchMethodError'{0x000000008a5da288}: 'java.lang.Object java.lang.invoke.DirectMethodHandle$Holder.newInvokeSpecial(java.lang.Object, java.lang.Object, java.lang.Object, int, java.lang.Object)'> (0x000000008a5da288) 
thrown [s\open\src\hotspot\share\interpreter\linkResolver.cpp, line 759]
Event: 2.217 Thread 0x0000029141118800 Exception <a 'java/lang/NoSuchMethodError'{0x000000008a5e1c58}: 'java.lang.Object java.lang.invoke.Invokers$Holder.linkToTargetMethod(java.lang.Object, java.lang.Object, int, java.lang.Object, java.lang.Object)'> (0x000000008a5e1c58) 
thrown [s\open\src\hotspot\share\interpreter\linkResolver.cpp, line 759]
Event: 2.241 Thread 0x0000029141118800 Exception <a 'java/lang/NoSuchMethodError'{0x000000008a42cb98}: 'java.lang.Object java.lang.invoke.DirectMethodHandle$Holder.newInvokeSpecial(java.lang.Object, int, java.lang.Object)'> (0x000000008a42cb98) 
thrown [s\open\src\hotspot\share\interpreter\linkResolver.cpp, line 759]
Event: 2.270 Thread 0x0000029141118800 Exception <a 'java/lang/NoSuchMethodError'{0x000000008a4a3b88}: 'void java.lang.invoke.DirectMethodHandle$Holder.invokeStatic(java.lang.Object, java.lang.Object, java.lang.Object)'> (0x000000008a4a3b88) 
thrown [s\open\src\hotspot\share\interpreter\linkResolver.cpp, line 759]
Event: 2.328 Thread 0x0000029141118800 Exception <a 'java/lang/NoSuchMethodError'{0x000000008a3a76a0}: 'void java.lang.invoke.DirectMethodHandle$Holder.invokeInterface(java.lang.Object, java.lang.Object)'> (0x000000008a3a76a0) 
thrown [s\open\src\hotspot\share\interpreter\linkResolver.cpp, line 759]
Event: 2.484 Thread 0x0000029141118800 Exception <a 'java/lang/NoSuchMethodError'{0x000000008a035c78}: 'int java.lang.invoke.DirectMethodHandle$Holder.invokeStatic(java.lang.Object, java.lang.Object, int)'> (0x000000008a035c78) 
thrown [s\open\src\hotspot\share\interpreter\linkResolver.cpp, line 759]
Event: 2.771 Thread 0x0000029141118800 Exception <a 'sun/nio/fs/WindowsException'{0x000000008a53a648}> (0x000000008a53a648) 
thrown [s\open\src\hotspot\share\prims\jni.cpp, line 516]
Event: 2.803 Thread 0x0000029141118800 Exception <a 'java/lang/NoSuchMethodError'{0x000000008a55f140}: 'int java.lang.invoke.DirectMethodHandle$Holder.invokeStaticInit(java.lang.Object, java.lang.Object, java.lang.Object, java.lang.Object)'> (0x000000008a55f140) 
thrown [s\open\src\hotspot\share\interpreter\linkResolver.cpp, line 759]
Event: 2.805 Thread 0x0000029141118800 Exception <a 'java/lang/NoSuchMethodError'{0x000000008a56ac00}: 'void java.lang.invoke.DirectMethodHandle$Holder.invokeStaticInit(java.lang.Object, java.lang.Object)'> (0x000000008a56ac00) 
thrown [s\open\src\hotspot\share\interpreter\linkResolver.cpp, line 759]
Event: 3.726 Thread 0x0000029141118800 Exception <a 'java/lang/NoSuchMethodError'{0x000000008953c638}: 'java.lang.Object java.lang.invoke.DirectMethodHandle$Holder.invokeVirtual(java.lang.Object, java.lang.Object, java.lang.Object, java.lang.Object)'> (0x000000008953c638) 
thrown [s\open\src\hotspot\share\interpreter\linkResolver.cpp, line 759]
Event: 3.759 Thread 0x0000029141118800 Implicit null exception at 0x00000291504de360 to 0x00000291504ded68

VM Operations (20 events):
Event: 2.259 Executing VM operation: HandshakeAllThreads
Event: 2.259 Executing VM operation: HandshakeAllThreads done
Event: 2.420 Executing VM operation: HandshakeAllThreads
Event: 2.420 Executing VM operation: HandshakeAllThreads done
Event: 2.535 Executing VM operation: HandshakeAllThreads
Event: 2.535 Executing VM operation: HandshakeAllThreads done
Event: 2.542 Executing VM operation: G1CollectForAllocation
Event: 2.550 Executing VM operation: G1CollectForAllocation done
Event: 2.566 Executing VM operation: HandshakeAllThreads
Event: 2.566 Executing VM operation: HandshakeAllThreads done
Event: 2.597 Executing VM operation: HandshakeAllThreads
Event: 2.597 Executing VM operation: HandshakeAllThreads done
Event: 2.774 Executing VM operation: HandshakeAllThreads
Event: 2.774 Executing VM operation: HandshakeAllThreads done
Event: 3.375 Executing VM operation: HandshakeAllThreads
Event: 3.375 Executing VM operation: HandshakeAllThreads done
Event: 3.744 Executing VM operation: HandshakeAllThreads
Event: 3.744 Executing VM operation: HandshakeAllThreads done
Event: 3.744 Executing VM operation: Cleanup
Event: 3.744 Executing VM operation: Cleanup done

Events (20 events):
Event: 4.144 loading class sun/security/ssl/XDHKeyExchange done
Event: 4.144 loading class sun/security/ssl/XDHKeyExchange$XDHEKAGenerator
Event: 4.144 loading class sun/security/ssl/XDHKeyExchange$XDHEKAGenerator done
Event: 4.144 loading class sun/security/ssl/KAKeyDerivation
Event: 4.144 loading class sun/security/ssl/KAKeyDerivation done
Event: 4.145 loading class javax/crypto/KeyAgreementSpi
Event: 4.145 loading class javax/crypto/KeyAgreementSpi done
Event: 4.145 loading class javax/crypto/SecretKey
Event: 4.146 loading class javax/crypto/SecretKey done
Event: 4.146 loading class javax/crypto/ShortBufferException
Event: 4.146 loading class javax/crypto/ShortBufferException done
Event: 4.151 loading class javax/crypto/spec/SecretKeySpec
Event: 4.152 loading class javax/crypto/spec/SecretKeySpec done
Event: 4.152 loading class javax/crypto/spec/SecretKeySpec$1
Event: 4.152 loading class jdk/internal/access/JavaxCryptoSpecAccess
Event: 4.152 loading class jdk/internal/access/JavaxCryptoSpecAccess done
Event: 4.152 loading class javax/crypto/spec/SecretKeySpec$1 done
Event: 4.152 loading class sun/security/ssl/HKDF
Event: 4.152 loading class sun/security/ssl/HKDF done
Event: 4.152 loading class javax/crypto/Mac


Dynamic libraries:
0x00007ff7336b0000 - 0x00007ff7336c0000 	C:\Program Files\Java\jdk-17\bin\java.exe
0x00007ff8245b0000 - 0x00007ff8247a8000 	C:\WINDOWS\SYSTEM32\ntdll.dll
0x00007ff8232d0000 - 0x00007ff823392000 	C:\WINDOWS\System32\KERNEL32.DLL
0x00007ff8222a0000 - 0x00007ff822596000 	C:\WINDOWS\System32\KERNELBASE.dll
0x00007ff821c40000 - 0x00007ff821d40000 	C:\WINDOWS\System32\ucrtbase.dll
0x00007ff80f470000 - 0x00007ff80f48b000 	C:\Program Files\Java\jdk-17\bin\VCRUNTIME140.dll
0x00007ff815920000 - 0x00007ff815939000 	C:\Program Files\Java\jdk-17\bin\jli.dll
0x00007ff823be0000 - 0x00007ff823c91000 	C:\WINDOWS\System32\ADVAPI32.dll
0x00007ff823b40000 - 0x00007ff823bde000 	C:\WINDOWS\System32\msvcrt.dll
0x00007ff824180000 - 0x00007ff82421f000 	C:\WINDOWS\System32\sechost.dll
0x00007ff823e50000 - 0x00007ff823f73000 	C:\WINDOWS\System32\RPCRT4.dll
0x00007ff8225a0000 - 0x00007ff8225c7000 	C:\WINDOWS\System32\bcrypt.dll
0x00007ff823f80000 - 0x00007ff82411d000 	C:\WINDOWS\System32\USER32.dll
0x00007ff80a600000 - 0x00007ff80a89a000 	C:\WINDOWS\WinSxS\amd64_microsoft.windows.common-controls_6595b64144ccf1df_6.0.19041.5915_none_60b4b9d171f9c7c7\COMCTL32.dll
0x00007ff822120000 - 0x00007ff822142000 	C:\WINDOWS\System32\win32u.dll
0x00007ff8227b0000 - 0x00007ff8227db000 	C:\WINDOWS\System32\GDI32.dll
0x00007ff821f30000 - 0x00007ff822049000 	C:\WINDOWS\System32\gdi32full.dll
0x00007ff822200000 - 0x00007ff82229d000 	C:\WINDOWS\System32\msvcp_win.dll
0x00007ff81c740000 - 0x00007ff81c74a000 	C:\WINDOWS\SYSTEM32\VERSION.dll
0x00007ff8243d0000 - 0x00007ff8243ff000 	C:\WINDOWS\System32\IMM32.DLL
0x00007ff81bc00000 - 0x00007ff81bc0c000 	C:\Program Files\Java\jdk-17\bin\vcruntime140_1.dll
0x00007ffffc350000 - 0x00007ffffc3de000 	C:\Program Files\Java\jdk-17\bin\msvcp140.dll
0x00007fffdd550000 - 0x00007fffde12d000 	C:\Program Files\Java\jdk-17\bin\server\jvm.dll
0x00007ff823dc0000 - 0x00007ff823dc8000 	C:\WINDOWS\System32\PSAPI.DLL
0x00007ff81ec50000 - 0x00007ff81ec59000 	C:\WINDOWS\SYSTEM32\WSOCK32.dll
0x00007ff824410000 - 0x00007ff82447b000 	C:\WINDOWS\System32\WS2_32.dll
0x00007ff81ba20000 - 0x00007ff81ba47000 	C:\WINDOWS\SYSTEM32\WINMM.dll
0x00007ff81fa60000 - 0x00007ff81fa72000 	C:\WINDOWS\SYSTEM32\kernel.appcore.dll
0x00007ff81b230000 - 0x00007ff81b23a000 	C:\Program Files\Java\jdk-17\bin\jimage.dll
0x00007ff81a210000 - 0x00007ff81a411000 	C:\WINDOWS\SYSTEM32\DBGHELP.DLL
0x00007ff81a180000 - 0x00007ff81a1b4000 	C:\WINDOWS\SYSTEM32\dbgcore.DLL
0x00007ff821ea0000 - 0x00007ff821f22000 	C:\WINDOWS\System32\bcryptPrimitives.dll
0x00007ff81c350000 - 0x00007ff81c35e000 	C:\Program Files\Java\jdk-17\bin\instrument.dll
0x00007ff802f70000 - 0x00007ff802f95000 	C:\Program Files\Java\jdk-17\bin\java.dll
0x00007ffffbd20000 - 0x00007ffffbdf7000 	C:\Program Files\Java\jdk-17\bin\jsvml.dll
0x00007ff8227e0000 - 0x00007ff822f4e000 	C:\WINDOWS\System32\SHELL32.dll
0x00007ff81fc60000 - 0x00007ff820404000 	C:\WINDOWS\SYSTEM32\windows.storage.dll
0x00007ff822f50000 - 0x00007ff8232a3000 	C:\WINDOWS\System32\combase.dll
0x00007ff8215a0000 - 0x00007ff8215cb000 	C:\WINDOWS\SYSTEM32\Wldp.dll
0x00007ff823460000 - 0x00007ff82352d000 	C:\WINDOWS\System32\OLEAUT32.dll
0x00007ff822700000 - 0x00007ff8227ad000 	C:\WINDOWS\System32\SHCORE.dll
0x00007ff823590000 - 0x00007ff8235eb000 	C:\WINDOWS\System32\shlwapi.dll
0x00007ff821b70000 - 0x00007ff821b94000 	C:\WINDOWS\SYSTEM32\profapi.dll
0x00007ff808f70000 - 0x00007ff808f88000 	C:\Program Files\Java\jdk-17\bin\zip.dll
0x00007ff80cd50000 - 0x00007ff80cd69000 	C:\Program Files\Java\jdk-17\bin\net.dll
0x00007ff8166b0000 - 0x00007ff8167ba000 	C:\WINDOWS\SYSTEM32\WINHTTP.dll
0x00007ff8212e0000 - 0x00007ff82134a000 	C:\WINDOWS\system32\mswsock.dll
0x00007ff80a000000 - 0x00007ff80a016000 	C:\Program Files\Java\jdk-17\bin\nio.dll
0x00007ff81b1a0000 - 0x00007ff81b1ba000 	C:\Program Files\JetBrains\IntelliJ IDEA Community Edition 2023.1.1\bin\breakgen64.dll
0x00007ff8214f0000 - 0x00007ff821508000 	C:\WINDOWS\SYSTEM32\CRYPTSP.dll
0x00007ff820be0000 - 0x00007ff820c18000 	C:\WINDOWS\system32\rsaenh.dll
0x00007ff821b30000 - 0x00007ff821b5e000 	C:\WINDOWS\SYSTEM32\USERENV.dll
0x00007ff821510000 - 0x00007ff82151c000 	C:\WINDOWS\SYSTEM32\CRYPTBASE.dll
0x00007ff820fb0000 - 0x00007ff820feb000 	C:\WINDOWS\SYSTEM32\IPHLPAPI.DLL
0x00007ff824400000 - 0x00007ff824408000 	C:\WINDOWS\System32\NSI.dll
0x00007ff818100000 - 0x00007ff818117000 	C:\WINDOWS\SYSTEM32\dhcpcsvc6.DLL
0x00007ff819740000 - 0x00007ff81975d000 	C:\WINDOWS\SYSTEM32\dhcpcsvc.DLL
0x00007ff820ff0000 - 0x00007ff8210ba000 	C:\WINDOWS\SYSTEM32\DNSAPI.dll
0x00007ff80fee0000 - 0x00007ff80fef0000 	C:\Program Files\Java\jdk-17\bin\verify.dll
0x00007ff817070000 - 0x00007ff81707a000 	C:\Windows\System32\rasadhlp.dll
0x00007ff819930000 - 0x00007ff8199b0000 	C:\WINDOWS\System32\fwpuclnt.dll
0x00007ff81bcc0000 - 0x00007ff81bccd000 	C:\Program Files\Java\jdk-17\bin\sunmscapi.dll
0x00007ff821d40000 - 0x00007ff821e9d000 	C:\WINDOWS\System32\CRYPT32.dll
0x00007ff821610000 - 0x00007ff821637000 	C:\WINDOWS\SYSTEM32\ncrypt.dll
0x00007ff8215d0000 - 0x00007ff82160b000 	C:\WINDOWS\SYSTEM32\NTASN1.dll

dbghelp: loaded successfully - version: 4.0.5 - missing functions: none
symbol engine: initialized successfully - sym options: 0x614 - pdb path: .;C:\Program Files\Java\jdk-17\bin;C:\WINDOWS\SYSTEM32;C:\WINDOWS\WinSxS\amd64_microsoft.windows.common-controls_6595b64144ccf1df_6.0.19041.5915_none_60b4b9d171f9c7c7;C:\Program Files\Java\jdk-17\bin\server;C:\Program Files\JetBrains\IntelliJ IDEA Community Edition 2023.1.1\bin

VM Arguments:
jvm_args: -ea -Didea.test.cyclic.buffer.size=1048576 -javaagent:C:\Program Files\JetBrains\IntelliJ IDEA Community Edition 2023.1.1\lib\idea_rt.jar=57212:C:\Program Files\JetBrains\IntelliJ IDEA Community Edition 2023.1.1\bin -Dfile.encoding=UTF-8 
java_command: com.intellij.rt.testng.RemoteTestNGStarter -usedefaultlisteners false -socket57211 @w@C:\Users\Acer\AppData\Local\Temp\idea_working_dirs_testng1.tmp -temp C:\Users\Acer\AppData\Local\Temp\idea_testng1.tmp
java_class_path (initial): C:\Program Files\JetBrains\IntelliJ IDEA Community Edition 2023.1.1\lib\idea_rt.jar;C:\Program Files\JetBrains\IntelliJ IDEA Community Edition 2023.1.1\plugins\testng\lib\testng-rt.jar;C:\Users\Acer\Documents\GitHub1\Selenium_TestNg\target\test-classes;C:\Users\Acer\Documents\GitHub1\Selenium_TestNg\target\classes;C:\Users\Acer\.m2\repository\io\github\bonigarcia\webdrivermanager\5.9.2\webdrivermanager-5.9.2.jar;C:\Users\Acer\.m2\repository\org\slf4j\slf4j-api\2.0.13\slf4j-api-2.0.13.jar;C:\Users\Acer\.m2\repository\com\google\code\gson\gson\2.11.0\gson-2.11.0.jar;C:\Users\Acer\.m2\repository\com\google\errorprone\error_prone_annotations\2.27.0\error_prone_annotations-2.27.0.jar;C:\Users\Acer\.m2\repository\com\github\docker-java\docker-java\3.4.0\docker-java-3.4.0.jar;C:\Users\Acer\.m2\repository\com\github\docker-java\docker-java-core\3.4.0\docker-java-core-3.4.0.jar;C:\Users\Acer\.m2\repository\com\github\docker-java\docker-java-api\3.4.0\docker-java-api-3.4.0.jar;C:\Users\Acer\.m2\repository\com\fasterxml\jackson\core\jackson-annotations\2.10.3\jackson-annotations-2.10.3.jar;C:\Users\Acer\.m2\repository\com\fasterxml\jackson\core\jackson-databind\2.10.3\jackson-databind-2.10.3.jar;C:\Users\Acer\.m2\repository\com\fasterxml\jackson\core\jackson-core\2.10.3\jackson-core-2.10.3.jar;C:\Users\Acer\.m2\repository\org\slf4j\jcl-over-slf4j\1.7.30\jcl-over-slf4j-1.7.30.jar;C:\Users\Acer\.m2\repository\com\github\docker-java\docker-java-transport-httpclient5\3.4.0\docker-java-transport-httpclient5-3.4.0.jar;C:\Users\Acer\.m2\repository\com\github\docker-java\docker-java-transport\3.4.0\docker-java-transport-3.4.0.jar;C:\Users\Acer\.m2\repository\net\java\dev\jna\jna\5.13.0\jna-5.13.0.jar;C:\Users\Acer\.m2\repository\org\brotli\dec\0.1.2\dec-0.1.2.jar;C:\Users\Acer\.m2\repository\org\apache\commons\commons-lang3\3.15.0\commons-lang3-3.15.0.jar;C:\Users\Acer\.m2\repository\org\apache\commons\commons-compress\1.26.2\commons-compress-1.26.2.jar;C:
Launcher Type: SUN_STANDARD

[Global flags]
     intx CICompilerCount                          = 3                                         {product} {ergonomic}
     uint ConcGCThreads                            = 1                                         {product} {ergonomic}
     uint G1ConcRefinementThreads                  = 4                                         {product} {ergonomic}
   size_t G1HeapRegionSize                         = 1048576                                   {product} {ergonomic}
    uintx GCDrainStackTargetSize                   = 64                                        {product} {ergonomic}
   size_t InitialHeapSize                          = 132120576                                 {product} {ergonomic}
   size_t MarkStackSize                            = 4194304                                   {product} {ergonomic}
   size_t MaxHeapSize                              = 2101346304                                {product} {ergonomic}
   size_t MaxNewSize                               = 1260388352                                {product} {ergonomic}
   size_t MinHeapDeltaBytes                        = 1048576                                   {product} {ergonomic}
   size_t MinHeapSize                              = 8388608                                   {product} {ergonomic}
    uintx NonNMethodCodeHeapSize                   = 5832780                                {pd product} {ergonomic}
    uintx NonProfiledCodeHeapSize                  = 122912730                              {pd product} {ergonomic}
    uintx ProfiledCodeHeapSize                     = 122912730                              {pd product} {ergonomic}
    uintx ReservedCodeCacheSize                    = 251658240                              {pd product} {ergonomic}
     bool SegmentedCodeCache                       = true                                      {product} {ergonomic}
   size_t SoftMaxHeapSize                          = 2101346304                             {manageable} {ergonomic}
     bool UseCompressedClassPointers               = true                           {product lp64_product} {ergonomic}
     bool UseCompressedOops                        = true                           {product lp64_product} {ergonomic}
     bool UseG1GC                                  = true                                      {product} {ergonomic}
     bool UseLargePagesIndividualAllocation        = false                                  {pd product} {ergonomic}

Logging:
Log output configuration:
 #0: stdout all=warning uptime,level,tags
 #1: stderr all=off uptime,level,tags

Environment Variables:
JAVA_HOME=C:\Program Files\Java\jdk-17
PATH=C:\Program Files\Common Files\Oracle\Java\javapath;C:\Program Files (x86)\Intel\iCLS Client\;C:\Program Files\Intel\iCLS Client\;C:\WINDOWS\system32;C:\WINDOWS;C:\WINDOWS\System32\Wbem;C:\WINDOWS\System32\WindowsPowerShell\v1.0\;C:\WINDOWS\System32\OpenSSH\;C:\Program Files (x86)\Intel\Intel(R) Management Engine Components\DAL;C:\Program Files\Intel\Intel(R) Management Engine Components\DAL;C:\Program Files (x86)\Intel\Intel(R) Management Engine Components\IPT;C:\Program Files\Intel\Intel(R) Management Engine Components\IPT;C:\Program Files\Java\jdk-17\bin;C:\gradle-7.5.1\bin;C:\Program Files\apache-maven-3.9.3\bin;C:\Program Files\Git\cmd;C:\Program Files\nodejs\;C:\Program Files\Docker\Docker\resources\bin;C:\Users\Acer\scoop\shims;C:\Users\Acer\AppData\Local\Programs\Python\Python39\Scripts\;C:\Users\Acer\AppData\Local\Programs\Python\Python39\;C:\Users\Acer\AppData\Local\Microsoft\WindowsApps;C:\Users\Acer\AppData\Local\Programs\Microsoft VS Code\bin;C:\Users\Acer\AppData\Local\GitHubDesktop\bin;C:\Users\Acer\AppData\Roaming\npm
USERNAME=Acer
OS=Windows_NT
PROCESSOR_IDENTIFIER=Intel64 Family 6 Model 78 Stepping 3, GenuineIntel



---------------  S Y S T E M  ---------------

OS:
 Windows 10 , 64 bit Build 19041 (10.0.19041.5915)
OS uptime: 51 days 18:44 hours
Hyper-V role detected

CPU: total 4 (initial active 4) (2 cores per cpu, 2 threads per core) family 6 model 78 stepping 3 microcode 0xcc, cx8, cmov, fxsr, ht, mmx, 3dnowpref, sse, sse2, sse3, ssse3, sse4.1, sse4.2, popcnt, lzcnt, tsc, tscinvbit, avx, avx2, aes, erms, clmul, bmi1, bmi2, rtm, adx, fma, vzeroupper, clflush, clflushopt, hv

Memory: 4k page, system-wide physical 8011M (547M free)
TotalPageFile size 32587M (AvailPageFile size 10M)
current process WorkingSet (physical memory assigned to process): 106M, peak: 106M
current process commit charge ("private bytes"): 239M, peak: 239M

vm_info: Java HotSpot(TM) 64-Bit Server VM (17.0.7+8-LTS-224) for windows-amd64 JRE (17.0.7+8-LTS-224), built on Feb 28 2023 23:03:02 by "mach5one" with MS VC++ 17.1 (VS2022)

END.
